2022-10-06 08:51:30.744  INFO 36616 --- [restartedMain] .e.d.TrainSearchMicroservicesApplication : Starting TrainSearchMicroservicesApplication using Java 17.0.2 on LAPTOP-AIJR5HAU with PID 36616 (C:\Users\Sandhiya Ramalingam\Downloads\Train_Search_microservice\Train_Search_microservices\target\classes started by Sandhiya Ramalingam in C:\Users\Sandhiya Ramalingam\Downloads\Train_Search_microservice\Train_Search_microservices)
2022-10-06 08:51:30.750  INFO 36616 --- [restartedMain] .e.d.TrainSearchMicroservicesApplication : No active profile set, falling back to 1 default profile: "default"
2022-10-06 08:51:31.088  INFO 36616 --- [restartedMain] .e.DevToolsPropertyDefaultsPostProcessor : Devtools property defaults active! Set 'spring.devtools.add-properties' to 'false' to disable
2022-10-06 08:51:31.088  INFO 36616 --- [restartedMain] .e.DevToolsPropertyDefaultsPostProcessor : For additional web related logging consider setting the 'logging.level.web' property to 'DEBUG'
2022-10-06 08:51:32.547  INFO 36616 --- [restartedMain] .s.d.r.c.RepositoryConfigurationDelegate : Bootstrapping Spring Data MongoDB repositories in DEFAULT mode.
2022-10-06 08:51:32.880  INFO 36616 --- [restartedMain] .s.d.r.c.RepositoryConfigurationDelegate : Finished Spring Data repository scanning in 328 ms. Found 1 MongoDB repository interfaces.
2022-10-06 08:51:33.126  INFO 36616 --- [restartedMain] o.s.cloud.context.scope.GenericScope     : BeanFactory id=6c114fa8-2fc4-37ab-a47e-4fd22979ef8a
2022-10-06 08:51:34.091  INFO 36616 --- [restartedMain] o.s.b.w.embedded.tomcat.TomcatWebServer  : Tomcat initialized with port(s): 8085 (http)
2022-10-06 08:51:34.118  INFO 36616 --- [restartedMain] o.apache.catalina.core.StandardService   : Starting service [Tomcat]
2022-10-06 08:51:34.120  INFO 36616 --- [restartedMain] org.apache.catalina.core.StandardEngine  : Starting Servlet engine: [Apache Tomcat/9.0.65]
2022-10-06 08:51:34.502  INFO 36616 --- [restartedMain] o.a.c.c.C.[Tomcat].[localhost].[/]       : Initializing Spring embedded WebApplicationContext
2022-10-06 08:51:34.502  INFO 36616 --- [restartedMain] w.s.c.ServletWebServerApplicationContext : Root WebApplicationContext: initialization completed in 3413 ms
2022-10-06 08:51:34.908  INFO 36616 --- [restartedMain] org.mongodb.driver.client                : MongoClient with metadata {"driver": {"name": "mongo-java-driver|sync|spring-boot", "version": "4.6.1"}, "os": {"type": "Windows", "name": "Windows 11", "architecture": "amd64", "version": "10.0"}, "platform": "Java/Eclipse Adoptium/17.0.2+8"} created with settings MongoClientSettings{readPreference=primary, writeConcern=WriteConcern{w=null, wTimeout=null ms, journal=null}, retryWrites=true, retryReads=true, readConcern=ReadConcern{level=null}, credential=MongoCredential{mechanism=null, userName='sandy_28', source='admin', password=<hidden>, mechanismProperties=<hidden>}, streamFactoryFactory=null, commandListeners=[], codecRegistry=ProvidersCodecRegistry{codecProviders=[ValueCodecProvider{}, BsonValueCodecProvider{}, DBRefCodecProvider{}, DBObjectCodecProvider{}, DocumentCodecProvider{}, IterableCodecProvider{}, MapCodecProvider{}, GeoJsonCodecProvider{}, GridFSFileCodecProvider{}, Jsr310CodecProvider{}, JsonObjectCodecProvider{}, BsonCodecProvider{}, EnumCodecProvider{}, com.mongodb.Jep395RecordCodecProvider@2fd25ac]}, clusterSettings={hosts=[127.0.0.1:27017], srvHost=cluster0.xbh6rrg.mongodb.net, srvServiceName=mongodb, mode=MULTIPLE, requiredClusterType=REPLICA_SET, requiredReplicaSetName='atlas-1pxrvk-shard-0', serverSelector='null', clusterListeners='[]', serverSelectionTimeout='30000 ms', localThreshold='30000 ms'}, socketSettings=SocketSettings{connectTimeoutMS=10000, readTimeoutMS=0, receiveBufferSize=0, sendBufferSize=0}, heartbeatSocketSettings=SocketSettings{connectTimeoutMS=10000, readTimeoutMS=10000, receiveBufferSize=0, sendBufferSize=0}, connectionPoolSettings=ConnectionPoolSettings{maxSize=100, minSize=0, maxWaitTimeMS=120000, maxConnectionLifeTimeMS=0, maxConnectionIdleTimeMS=0, maintenanceInitialDelayMS=0, maintenanceFrequencyMS=60000, connectionPoolListeners=[], maxConnecting=2}, serverSettings=ServerSettings{heartbeatFrequencyMS=10000, minHeartbeatFrequencyMS=500, serverListeners='[]', serverMonitorListeners='[]'}, sslSettings=SslSettings{enabled=true, invalidHostNameAllowed=false, context=null}, applicationName='null', compressorList=[], uuidRepresentation=JAVA_LEGACY, serverApi=null, autoEncryptionSettings=null, contextProvider=null}
2022-10-06 08:51:35.066  INFO 36616 --- [cluster-ClusterId{value='633e49be93fa044875d12a70', description='null'}-srv-cluster0.xbh6rrg.mongodb.net] org.mongodb.driver.cluster               : Adding discovered server ac-lqnakpj-shard-00-02.xbh6rrg.mongodb.net:27017 to client view of cluster
2022-10-06 08:51:35.085  INFO 36616 --- [cluster-ClusterId{value='633e49be93fa044875d12a70', description='null'}-srv-cluster0.xbh6rrg.mongodb.net] org.mongodb.driver.cluster               : Adding discovered server ac-lqnakpj-shard-00-01.xbh6rrg.mongodb.net:27017 to client view of cluster
2022-10-06 08:51:35.085  INFO 36616 --- [cluster-ClusterId{value='633e49be93fa044875d12a70', description='null'}-srv-cluster0.xbh6rrg.mongodb.net] org.mongodb.driver.cluster               : Adding discovered server ac-lqnakpj-shard-00-00.xbh6rrg.mongodb.net:27017 to client view of cluster
2022-10-06 08:51:35.183  WARN 36616 --- [restartedMain] o.s.data.convert.CustomConversions       : Registering converter from class java.time.LocalDateTime to class org.joda.time.LocalDateTime as reading converter although it doesn't convert from a store-supported type; You might want to check your annotation setup at the converter implementation
2022-10-06 08:51:35.306  WARN 36616 --- [restartedMain] o.s.b.d.a.OptionalLiveReloadServer       : Unable to start LiveReload server
2022-10-06 08:51:35.387  WARN 36616 --- [restartedMain] o.s.data.convert.CustomConversions       : Registering converter from class java.time.LocalDateTime to class org.joda.time.LocalDateTime as reading converter although it doesn't convert from a store-supported type; You might want to check your annotation setup at the converter implementation
2022-10-06 08:51:35.696  INFO 36616 --- [cluster-ClusterId{value='633e49be93fa044875d12a70', description='null'}-ac-lqnakpj-shard-00-01.xbh6rrg.mongodb.net:27017] org.mongodb.driver.connection            : Opened connection [connectionId{localValue:4, serverValue:16468}] to ac-lqnakpj-shard-00-01.xbh6rrg.mongodb.net:27017
2022-10-06 08:51:35.696  INFO 36616 --- [cluster-ClusterId{value='633e49be93fa044875d12a70', description='null'}-ac-lqnakpj-shard-00-00.xbh6rrg.mongodb.net:27017] org.mongodb.driver.connection            : Opened connection [connectionId{localValue:3, serverValue:16020}] to ac-lqnakpj-shard-00-00.xbh6rrg.mongodb.net:27017
2022-10-06 08:51:35.696  INFO 36616 --- [cluster-ClusterId{value='633e49be93fa044875d12a70', description='null'}-ac-lqnakpj-shard-00-01.xbh6rrg.mongodb.net:27017] org.mongodb.driver.cluster               : Monitor thread successfully connected to server with description ServerDescription{address=ac-lqnakpj-shard-00-01.xbh6rrg.mongodb.net:27017, type=REPLICA_SET_PRIMARY, state=CONNECTED, ok=true, minWireVersion=0, maxWireVersion=13, maxDocumentSize=16777216, logicalSessionTimeoutMinutes=30, roundTripTimeNanos=263995199, setName='atlas-1pxrvk-shard-0', canonicalAddress=ac-lqnakpj-shard-00-01.xbh6rrg.mongodb.net:27017, hosts=[ac-lqnakpj-shard-00-01.xbh6rrg.mongodb.net:27017, ac-lqnakpj-shard-00-00.xbh6rrg.mongodb.net:27017, ac-lqnakpj-shard-00-02.xbh6rrg.mongodb.net:27017], passives=[], arbiters=[], primary='ac-lqnakpj-shard-00-01.xbh6rrg.mongodb.net:27017', tagSet=TagSet{[Tag{name='nodeType', value='ELECTABLE'}, Tag{name='provider', value='AWS'}, Tag{name='region', value='AP_SOUTH_1'}, Tag{name='workloadType', value='OPERATIONAL'}]}, electionId=7fffffff000000000000006a, setVersion=3, topologyVersion=TopologyVersion{processId=633dab69b943707ac091733d, counter=6}, lastWriteDate=Thu Oct 06 08:51:37 IST 2022, lastUpdateTimeNanos=266319248241200}
2022-10-06 08:51:35.696  INFO 36616 --- [cluster-ClusterId{value='633e49be93fa044875d12a70', description='null'}-ac-lqnakpj-shard-00-00.xbh6rrg.mongodb.net:27017] org.mongodb.driver.cluster               : Monitor thread successfully connected to server with description ServerDescription{address=ac-lqnakpj-shard-00-00.xbh6rrg.mongodb.net:27017, type=REPLICA_SET_SECONDARY, state=CONNECTED, ok=true, minWireVersion=0, maxWireVersion=13, maxDocumentSize=16777216, logicalSessionTimeoutMinutes=30, roundTripTimeNanos=272199100, setName='atlas-1pxrvk-shard-0', canonicalAddress=ac-lqnakpj-shard-00-00.xbh6rrg.mongodb.net:27017, hosts=[ac-lqnakpj-shard-00-01.xbh6rrg.mongodb.net:27017, ac-lqnakpj-shard-00-00.xbh6rrg.mongodb.net:27017, ac-lqnakpj-shard-00-02.xbh6rrg.mongodb.net:27017], passives=[], arbiters=[], primary='ac-lqnakpj-shard-00-01.xbh6rrg.mongodb.net:27017', tagSet=TagSet{[Tag{name='nodeType', value='ELECTABLE'}, Tag{name='provider', value='AWS'}, Tag{name='region', value='AP_SOUTH_1'}, Tag{name='workloadType', value='OPERATIONAL'}]}, electionId=null, setVersion=3, topologyVersion=TopologyVersion{processId=633daa9a9765fa9ed17f0cbf, counter=4}, lastWriteDate=Thu Oct 06 08:51:37 IST 2022, lastUpdateTimeNanos=266319248434900}
2022-10-06 08:51:35.697  INFO 36616 --- [cluster-rtt-ClusterId{value='633e49be93fa044875d12a70', description='null'}-ac-lqnakpj-shard-00-00.xbh6rrg.mongodb.net:27017] org.mongodb.driver.connection            : Opened connection [connectionId{localValue:2, serverValue:16020}] to ac-lqnakpj-shard-00-00.xbh6rrg.mongodb.net:27017
2022-10-06 08:51:35.697  INFO 36616 --- [cluster-ClusterId{value='633e49be93fa044875d12a70', description='null'}-ac-lqnakpj-shard-00-02.xbh6rrg.mongodb.net:27017] org.mongodb.driver.connection            : Opened connection [connectionId{localValue:6, serverValue:15723}] to ac-lqnakpj-shard-00-02.xbh6rrg.mongodb.net:27017
2022-10-06 08:51:35.697  INFO 36616 --- [cluster-rtt-ClusterId{value='633e49be93fa044875d12a70', description='null'}-ac-lqnakpj-shard-00-01.xbh6rrg.mongodb.net:27017] org.mongodb.driver.connection            : Opened connection [connectionId{localValue:5, serverValue:16468}] to ac-lqnakpj-shard-00-01.xbh6rrg.mongodb.net:27017
2022-10-06 08:51:35.697  INFO 36616 --- [cluster-ClusterId{value='633e49be93fa044875d12a70', description='null'}-ac-lqnakpj-shard-00-02.xbh6rrg.mongodb.net:27017] org.mongodb.driver.cluster               : Monitor thread successfully connected to server with description ServerDescription{address=ac-lqnakpj-shard-00-02.xbh6rrg.mongodb.net:27017, type=REPLICA_SET_SECONDARY, state=CONNECTED, ok=true, minWireVersion=0, maxWireVersion=13, maxDocumentSize=16777216, logicalSessionTimeoutMinutes=30, roundTripTimeNanos=271338100, setName='atlas-1pxrvk-shard-0', canonicalAddress=ac-lqnakpj-shard-00-02.xbh6rrg.mongodb.net:27017, hosts=[ac-lqnakpj-shard-00-01.xbh6rrg.mongodb.net:27017, ac-lqnakpj-shard-00-00.xbh6rrg.mongodb.net:27017, ac-lqnakpj-shard-00-02.xbh6rrg.mongodb.net:27017], passives=[], arbiters=[], primary='ac-lqnakpj-shard-00-01.xbh6rrg.mongodb.net:27017', tagSet=TagSet{[Tag{name='nodeType', value='ELECTABLE'}, Tag{name='provider', value='AWS'}, Tag{name='region', value='AP_SOUTH_1'}, Tag{name='workloadType', value='OPERATIONAL'}]}, electionId=null, setVersion=3, topologyVersion=TopologyVersion{processId=633dac5eb656f5bbfab20fff, counter=3}, lastWriteDate=Thu Oct 06 08:51:37 IST 2022, lastUpdateTimeNanos=266319247581399}
2022-10-06 08:51:35.700  INFO 36616 --- [cluster-rtt-ClusterId{value='633e49be93fa044875d12a70', description='null'}-ac-lqnakpj-shard-00-02.xbh6rrg.mongodb.net:27017] org.mongodb.driver.connection            : Opened connection [connectionId{localValue:1, serverValue:15723}] to ac-lqnakpj-shard-00-02.xbh6rrg.mongodb.net:27017
2022-10-06 08:51:35.704  INFO 36616 --- [cluster-ClusterId{value='633e49be93fa044875d12a70', description='null'}-ac-lqnakpj-shard-00-01.xbh6rrg.mongodb.net:27017] org.mongodb.driver.cluster               : Setting max election id to 7fffffff000000000000006a from replica set primary ac-lqnakpj-shard-00-01.xbh6rrg.mongodb.net:27017
2022-10-06 08:51:35.705  INFO 36616 --- [cluster-ClusterId{value='633e49be93fa044875d12a70', description='null'}-ac-lqnakpj-shard-00-01.xbh6rrg.mongodb.net:27017] org.mongodb.driver.cluster               : Setting max set version to 3 from replica set primary ac-lqnakpj-shard-00-01.xbh6rrg.mongodb.net:27017
2022-10-06 08:51:35.705  INFO 36616 --- [cluster-ClusterId{value='633e49be93fa044875d12a70', description='null'}-ac-lqnakpj-shard-00-01.xbh6rrg.mongodb.net:27017] org.mongodb.driver.cluster               : Discovered replica set primary ac-lqnakpj-shard-00-01.xbh6rrg.mongodb.net:27017
2022-10-06 08:51:36.289  INFO 36616 --- [restartedMain] pertySourcedRequestMappingHandlerMapping : Mapped URL path [/v2/api-docs] onto method [springfox.documentation.swagger2.web.Swagger2Controller#getDocumentation(String, HttpServletRequest)]
2022-10-06 08:51:36.845  INFO 36616 --- [restartedMain] DiscoveryClientOptionalArgsConfiguration : Eureka HTTP Client uses RestTemplate.
2022-10-06 08:51:37.043  WARN 36616 --- [restartedMain] iguration$LoadBalancerCaffeineWarnLogger : Spring Cloud LoadBalancer is currently working with the default cache. While this cache implementation is useful for development and tests, it's recommended to use Caffeine cache in production.You can switch to using Caffeine cache, by adding it and org.springframework.cache.caffeine.CaffeineCacheManager to the classpath.
2022-10-06 08:51:37.080  INFO 36616 --- [restartedMain] o.s.c.n.eureka.InstanceInfoFactory       : Setting initial instance status as: STARTING
2022-10-06 08:51:37.205  INFO 36616 --- [restartedMain] com.netflix.discovery.DiscoveryClient    : Initializing Eureka in region us-east-1
2022-10-06 08:51:37.214  INFO 36616 --- [restartedMain] c.n.d.s.r.aws.ConfigClusterResolver      : Resolving eureka endpoints via configuration
2022-10-06 08:51:37.255  INFO 36616 --- [restartedMain] com.netflix.discovery.DiscoveryClient    : Disable delta property : false
2022-10-06 08:51:37.255  INFO 36616 --- [restartedMain] com.netflix.discovery.DiscoveryClient    : Single vip registry refresh property : null
2022-10-06 08:51:37.255  INFO 36616 --- [restartedMain] com.netflix.discovery.DiscoveryClient    : Force full registry fetch : false
2022-10-06 08:51:37.255  INFO 36616 --- [restartedMain] com.netflix.discovery.DiscoveryClient    : Application is null : false
2022-10-06 08:51:37.255  INFO 36616 --- [restartedMain] com.netflix.discovery.DiscoveryClient    : Registered Applications size is zero : true
2022-10-06 08:51:37.256  INFO 36616 --- [restartedMain] com.netflix.discovery.DiscoveryClient    : Application version is -1: true
2022-10-06 08:51:37.256  INFO 36616 --- [restartedMain] com.netflix.discovery.DiscoveryClient    : Getting all instance registry info from the eureka server
2022-10-06 08:51:37.636  INFO 36616 --- [restartedMain] com.netflix.discovery.DiscoveryClient    : The response status is 200
2022-10-06 08:51:37.644  INFO 36616 --- [restartedMain] com.netflix.discovery.DiscoveryClient    : Starting heartbeat executor: renew interval is: 30
2022-10-06 08:51:37.653  INFO 36616 --- [restartedMain] c.n.discovery.InstanceInfoReplicator     : InstanceInfoReplicator onDemand update allowed rate per min is 4
2022-10-06 08:51:37.672  INFO 36616 --- [restartedMain] com.netflix.discovery.DiscoveryClient    : Discovery Client initialized at timestamp 1665026497670 with initial instances count: 3
2022-10-06 08:51:37.674  INFO 36616 --- [restartedMain] o.s.c.n.e.s.EurekaServiceRegistry        : Registering application TRAIN-SEARCH-SERVICE with eureka with status UP
2022-10-06 08:51:37.676  INFO 36616 --- [restartedMain] com.netflix.discovery.DiscoveryClient    : Saw local status change event StatusChangeEvent [timestamp=1665026497676, current=UP, previous=STARTING]
2022-10-06 08:51:37.678  INFO 36616 --- [DiscoveryClient-InstanceInfoReplicator-0] com.netflix.discovery.DiscoveryClient    : DiscoveryClient_TRAIN-SEARCH-SERVICE/LAPTOP-AIJR5HAU:Train-Search-Service:8085: registering service...
2022-10-06 08:51:37.718  INFO 36616 --- [restartedMain] o.s.b.w.embedded.tomcat.TomcatWebServer  : Tomcat started on port(s): 8085 (http) with context path ''
2022-10-06 08:51:37.719  INFO 36616 --- [restartedMain] .s.c.n.e.s.EurekaAutoServiceRegistration : Updating port to 8085
2022-10-06 08:51:37.743  INFO 36616 --- [DiscoveryClient-InstanceInfoReplicator-0] com.netflix.discovery.DiscoveryClient    : DiscoveryClient_TRAIN-SEARCH-SERVICE/LAPTOP-AIJR5HAU:Train-Search-Service:8085 - registration status: 204
2022-10-06 08:51:37.826  INFO 36616 --- [restartedMain] d.s.w.p.DocumentationPluginsBootstrapper : Context refreshed
2022-10-06 08:51:37.855  INFO 36616 --- [restartedMain] d.s.w.p.DocumentationPluginsBootstrapper : Found 1 custom documentation plugin(s)
2022-10-06 08:51:37.897  INFO 36616 --- [restartedMain] s.d.s.w.s.ApiListingReferenceScanner     : Scanning for api listing references
2022-10-06 08:51:38.046  INFO 36616 --- [restartedMain] .d.s.w.r.o.CachingOperationNameGenerator : Generating unique operation named: getTrainsUsingGET_1
2022-10-06 08:51:38.065  INFO 36616 --- [restartedMain] .e.d.TrainSearchMicroservicesApplication : Started TrainSearchMicroservicesApplication in 8.178 seconds (JVM running for 10.019)
2022-10-06 08:56:37.274  INFO 36616 --- [AsyncResolver-bootstrap-executor-0] c.n.d.s.r.aws.ConfigClusterResolver      : Resolving eureka endpoints via configuration
2022-10-06 09:01:37.288  INFO 36616 --- [AsyncResolver-bootstrap-executor-0] c.n.d.s.r.aws.ConfigClusterResolver      : Resolving eureka endpoints via configuration
2022-10-06 09:02:52.773  INFO 12128 --- [main] TrainSearchMicroservicesApplicationTests : Starting TrainSearchMicroservicesApplicationTests using Java 17.0.2 on LAPTOP-AIJR5HAU with PID 12128 (started by Sandhiya Ramalingam in C:\Users\Sandhiya Ramalingam\Downloads\Train_Search_microservice\Train_Search_microservices)
2022-10-06 09:02:52.775  INFO 12128 --- [main] TrainSearchMicroservicesApplicationTests : No active profile set, falling back to 1 default profile: "default"
2022-10-06 09:02:54.140  INFO 12128 --- [main] .s.d.r.c.RepositoryConfigurationDelegate : Bootstrapping Spring Data MongoDB repositories in DEFAULT mode.
2022-10-06 09:02:54.287  INFO 12128 --- [main] .s.d.r.c.RepositoryConfigurationDelegate : Finished Spring Data repository scanning in 142 ms. Found 1 MongoDB repository interfaces.
2022-10-06 09:02:54.508  INFO 12128 --- [main] o.s.cloud.context.scope.GenericScope     : BeanFactory id=97922124-bcb1-3e6a-8ef4-f5048f983a86
2022-10-06 09:02:56.897  INFO 12128 --- [main] pertySourcedRequestMappingHandlerMapping : Mapped URL path [/v2/api-docs] onto method [springfox.documentation.swagger2.web.Swagger2Controller#getDocumentation(String, HttpServletRequest)]
2022-10-06 09:02:57.752  INFO 12128 --- [main] org.mongodb.driver.client                : MongoClient with metadata {"driver": {"name": "mongo-java-driver|sync|spring-boot", "version": "4.6.1"}, "os": {"type": "Windows", "name": "Windows 11", "architecture": "amd64", "version": "10.0"}, "platform": "Java/Eclipse Adoptium/17.0.2+8"} created with settings MongoClientSettings{readPreference=primary, writeConcern=WriteConcern{w=null, wTimeout=null ms, journal=null}, retryWrites=true, retryReads=true, readConcern=ReadConcern{level=null}, credential=MongoCredential{mechanism=null, userName='sandy_28', source='admin', password=<hidden>, mechanismProperties=<hidden>}, streamFactoryFactory=null, commandListeners=[], codecRegistry=ProvidersCodecRegistry{codecProviders=[ValueCodecProvider{}, BsonValueCodecProvider{}, DBRefCodecProvider{}, DBObjectCodecProvider{}, DocumentCodecProvider{}, IterableCodecProvider{}, MapCodecProvider{}, GeoJsonCodecProvider{}, GridFSFileCodecProvider{}, Jsr310CodecProvider{}, JsonObjectCodecProvider{}, BsonCodecProvider{}, EnumCodecProvider{}, com.mongodb.Jep395RecordCodecProvider@1afa048a]}, clusterSettings={hosts=[127.0.0.1:27017], srvHost=cluster0.xbh6rrg.mongodb.net, srvServiceName=mongodb, mode=MULTIPLE, requiredClusterType=REPLICA_SET, requiredReplicaSetName='atlas-1pxrvk-shard-0', serverSelector='null', clusterListeners='[]', serverSelectionTimeout='30000 ms', localThreshold='30000 ms'}, socketSettings=SocketSettings{connectTimeoutMS=10000, readTimeoutMS=0, receiveBufferSize=0, sendBufferSize=0}, heartbeatSocketSettings=SocketSettings{connectTimeoutMS=10000, readTimeoutMS=10000, receiveBufferSize=0, sendBufferSize=0}, connectionPoolSettings=ConnectionPoolSettings{maxSize=100, minSize=0, maxWaitTimeMS=120000, maxConnectionLifeTimeMS=0, maxConnectionIdleTimeMS=0, maintenanceInitialDelayMS=0, maintenanceFrequencyMS=60000, connectionPoolListeners=[], maxConnecting=2}, serverSettings=ServerSettings{heartbeatFrequencyMS=10000, minHeartbeatFrequencyMS=500, serverListeners='[]', serverMonitorListeners='[]'}, sslSettings=SslSettings{enabled=true, invalidHostNameAllowed=false, context=null}, applicationName='null', compressorList=[], uuidRepresentation=JAVA_LEGACY, serverApi=null, autoEncryptionSettings=null, contextProvider=null}
2022-10-06 09:02:57.906  WARN 12128 --- [main] o.s.data.convert.CustomConversions       : Registering converter from class java.time.LocalDateTime to class org.joda.time.LocalDateTime as reading converter although it doesn't convert from a store-supported type; You might want to check your annotation setup at the converter implementation
2022-10-06 09:02:57.928  INFO 12128 --- [cluster-ClusterId{value='633e4c693a885014d6936124', description='null'}-srv-cluster0.xbh6rrg.mongodb.net] org.mongodb.driver.cluster               : Adding discovered server ac-lqnakpj-shard-00-02.xbh6rrg.mongodb.net:27017 to client view of cluster
2022-10-06 09:02:57.960  INFO 12128 --- [cluster-ClusterId{value='633e4c693a885014d6936124', description='null'}-srv-cluster0.xbh6rrg.mongodb.net] org.mongodb.driver.cluster               : Adding discovered server ac-lqnakpj-shard-00-01.xbh6rrg.mongodb.net:27017 to client view of cluster
2022-10-06 09:02:57.961  INFO 12128 --- [cluster-ClusterId{value='633e4c693a885014d6936124', description='null'}-srv-cluster0.xbh6rrg.mongodb.net] org.mongodb.driver.cluster               : Adding discovered server ac-lqnakpj-shard-00-00.xbh6rrg.mongodb.net:27017 to client view of cluster
2022-10-06 09:02:58.016  WARN 12128 --- [main] o.s.data.convert.CustomConversions       : Registering converter from class java.time.LocalDateTime to class org.joda.time.LocalDateTime as reading converter although it doesn't convert from a store-supported type; You might want to check your annotation setup at the converter implementation
2022-10-06 09:02:58.488  INFO 12128 --- [main] DiscoveryClientOptionalArgsConfiguration : Eureka HTTP Client uses RestTemplate.
2022-10-06 09:02:58.565  INFO 12128 --- [cluster-ClusterId{value='633e4c693a885014d6936124', description='null'}-ac-lqnakpj-shard-00-02.xbh6rrg.mongodb.net:27017] org.mongodb.driver.connection            : Opened connection [connectionId{localValue:6, serverValue:16396}] to ac-lqnakpj-shard-00-02.xbh6rrg.mongodb.net:27017
2022-10-06 09:02:58.565  INFO 12128 --- [cluster-rtt-ClusterId{value='633e4c693a885014d6936124', description='null'}-ac-lqnakpj-shard-00-00.xbh6rrg.mongodb.net:27017] org.mongodb.driver.connection            : Opened connection [connectionId{localValue:5, serverValue:16690}] to ac-lqnakpj-shard-00-00.xbh6rrg.mongodb.net:27017
2022-10-06 09:02:58.565  INFO 12128 --- [cluster-ClusterId{value='633e4c693a885014d6936124', description='null'}-ac-lqnakpj-shard-00-01.xbh6rrg.mongodb.net:27017] org.mongodb.driver.connection            : Opened connection [connectionId{localValue:2, serverValue:17188}] to ac-lqnakpj-shard-00-01.xbh6rrg.mongodb.net:27017
2022-10-06 09:02:58.565  INFO 12128 --- [cluster-rtt-ClusterId{value='633e4c693a885014d6936124', description='null'}-ac-lqnakpj-shard-00-02.xbh6rrg.mongodb.net:27017] org.mongodb.driver.connection            : Opened connection [connectionId{localValue:1, serverValue:16396}] to ac-lqnakpj-shard-00-02.xbh6rrg.mongodb.net:27017
2022-10-06 09:02:58.565  INFO 12128 --- [cluster-ClusterId{value='633e4c693a885014d6936124', description='null'}-ac-lqnakpj-shard-00-00.xbh6rrg.mongodb.net:27017] org.mongodb.driver.connection            : Opened connection [connectionId{localValue:4, serverValue:16692}] to ac-lqnakpj-shard-00-00.xbh6rrg.mongodb.net:27017
2022-10-06 09:02:58.566  INFO 12128 --- [cluster-ClusterId{value='633e4c693a885014d6936124', description='null'}-ac-lqnakpj-shard-00-01.xbh6rrg.mongodb.net:27017] org.mongodb.driver.cluster               : Monitor thread successfully connected to server with description ServerDescription{address=ac-lqnakpj-shard-00-01.xbh6rrg.mongodb.net:27017, type=REPLICA_SET_PRIMARY, state=CONNECTED, ok=true, minWireVersion=0, maxWireVersion=13, maxDocumentSize=16777216, logicalSessionTimeoutMinutes=30, roundTripTimeNanos=248709900, setName='atlas-1pxrvk-shard-0', canonicalAddress=ac-lqnakpj-shard-00-01.xbh6rrg.mongodb.net:27017, hosts=[ac-lqnakpj-shard-00-01.xbh6rrg.mongodb.net:27017, ac-lqnakpj-shard-00-00.xbh6rrg.mongodb.net:27017, ac-lqnakpj-shard-00-02.xbh6rrg.mongodb.net:27017], passives=[], arbiters=[], primary='ac-lqnakpj-shard-00-01.xbh6rrg.mongodb.net:27017', tagSet=TagSet{[Tag{name='nodeType', value='ELECTABLE'}, Tag{name='provider', value='AWS'}, Tag{name='region', value='AP_SOUTH_1'}, Tag{name='workloadType', value='OPERATIONAL'}]}, electionId=7fffffff000000000000006a, setVersion=3, topologyVersion=TopologyVersion{processId=633dab69b943707ac091733d, counter=6}, lastWriteDate=Thu Oct 06 09:02:59 IST 2022, lastUpdateTimeNanos=267002116638600}
2022-10-06 09:02:58.565  INFO 12128 --- [cluster-rtt-ClusterId{value='633e4c693a885014d6936124', description='null'}-ac-lqnakpj-shard-00-01.xbh6rrg.mongodb.net:27017] org.mongodb.driver.connection            : Opened connection [connectionId{localValue:3, serverValue:17190}] to ac-lqnakpj-shard-00-01.xbh6rrg.mongodb.net:27017
2022-10-06 09:02:58.566  INFO 12128 --- [cluster-ClusterId{value='633e4c693a885014d6936124', description='null'}-ac-lqnakpj-shard-00-02.xbh6rrg.mongodb.net:27017] org.mongodb.driver.cluster               : Monitor thread successfully connected to server with description ServerDescription{address=ac-lqnakpj-shard-00-02.xbh6rrg.mongodb.net:27017, type=REPLICA_SET_SECONDARY, state=CONNECTED, ok=true, minWireVersion=0, maxWireVersion=13, maxDocumentSize=16777216, logicalSessionTimeoutMinutes=30, roundTripTimeNanos=242972199, setName='atlas-1pxrvk-shard-0', canonicalAddress=ac-lqnakpj-shard-00-02.xbh6rrg.mongodb.net:27017, hosts=[ac-lqnakpj-shard-00-01.xbh6rrg.mongodb.net:27017, ac-lqnakpj-shard-00-00.xbh6rrg.mongodb.net:27017, ac-lqnakpj-shard-00-02.xbh6rrg.mongodb.net:27017], passives=[], arbiters=[], primary='ac-lqnakpj-shard-00-01.xbh6rrg.mongodb.net:27017', tagSet=TagSet{[Tag{name='nodeType', value='ELECTABLE'}, Tag{name='provider', value='AWS'}, Tag{name='region', value='AP_SOUTH_1'}, Tag{name='workloadType', value='OPERATIONAL'}]}, electionId=null, setVersion=3, topologyVersion=TopologyVersion{processId=633dac5eb656f5bbfab20fff, counter=3}, lastWriteDate=Thu Oct 06 09:02:59 IST 2022, lastUpdateTimeNanos=267002116638600}
2022-10-06 09:02:58.566  INFO 12128 --- [cluster-ClusterId{value='633e4c693a885014d6936124', description='null'}-ac-lqnakpj-shard-00-00.xbh6rrg.mongodb.net:27017] org.mongodb.driver.cluster               : Monitor thread successfully connected to server with description ServerDescription{address=ac-lqnakpj-shard-00-00.xbh6rrg.mongodb.net:27017, type=REPLICA_SET_SECONDARY, state=CONNECTED, ok=true, minWireVersion=0, maxWireVersion=13, maxDocumentSize=16777216, logicalSessionTimeoutMinutes=30, roundTripTimeNanos=248710099, setName='atlas-1pxrvk-shard-0', canonicalAddress=ac-lqnakpj-shard-00-00.xbh6rrg.mongodb.net:27017, hosts=[ac-lqnakpj-shard-00-01.xbh6rrg.mongodb.net:27017, ac-lqnakpj-shard-00-00.xbh6rrg.mongodb.net:27017, ac-lqnakpj-shard-00-02.xbh6rrg.mongodb.net:27017], passives=[], arbiters=[], primary='ac-lqnakpj-shard-00-01.xbh6rrg.mongodb.net:27017', tagSet=TagSet{[Tag{name='nodeType', value='ELECTABLE'}, Tag{name='provider', value='AWS'}, Tag{name='region', value='AP_SOUTH_1'}, Tag{name='workloadType', value='OPERATIONAL'}]}, electionId=null, setVersion=3, topologyVersion=TopologyVersion{processId=633daa9a9765fa9ed17f0cbf, counter=4}, lastWriteDate=Thu Oct 06 09:02:59 IST 2022, lastUpdateTimeNanos=267002116638600}
2022-10-06 09:02:58.571  INFO 12128 --- [cluster-ClusterId{value='633e4c693a885014d6936124', description='null'}-ac-lqnakpj-shard-00-01.xbh6rrg.mongodb.net:27017] org.mongodb.driver.cluster               : Setting max election id to 7fffffff000000000000006a from replica set primary ac-lqnakpj-shard-00-01.xbh6rrg.mongodb.net:27017
2022-10-06 09:02:58.571  INFO 12128 --- [cluster-ClusterId{value='633e4c693a885014d6936124', description='null'}-ac-lqnakpj-shard-00-01.xbh6rrg.mongodb.net:27017] org.mongodb.driver.cluster               : Setting max set version to 3 from replica set primary ac-lqnakpj-shard-00-01.xbh6rrg.mongodb.net:27017
2022-10-06 09:02:58.572  INFO 12128 --- [cluster-ClusterId{value='633e4c693a885014d6936124', description='null'}-ac-lqnakpj-shard-00-01.xbh6rrg.mongodb.net:27017] org.mongodb.driver.cluster               : Discovered replica set primary ac-lqnakpj-shard-00-01.xbh6rrg.mongodb.net:27017
2022-10-06 09:02:58.750  WARN 12128 --- [main] iguration$LoadBalancerCaffeineWarnLogger : Spring Cloud LoadBalancer is currently working with the default cache. While this cache implementation is useful for development and tests, it's recommended to use Caffeine cache in production.You can switch to using Caffeine cache, by adding it and org.springframework.cache.caffeine.CaffeineCacheManager to the classpath.
2022-10-06 09:02:58.783  INFO 12128 --- [main] o.s.c.n.eureka.InstanceInfoFactory       : Setting initial instance status as: STARTING
2022-10-06 09:02:58.878  INFO 12128 --- [main] com.netflix.discovery.DiscoveryClient    : Initializing Eureka in region us-east-1
2022-10-06 09:02:58.888  INFO 12128 --- [main] c.n.d.s.r.aws.ConfigClusterResolver      : Resolving eureka endpoints via configuration
2022-10-06 09:02:58.922  INFO 12128 --- [main] com.netflix.discovery.DiscoveryClient    : Disable delta property : false
2022-10-06 09:02:58.922  INFO 12128 --- [main] com.netflix.discovery.DiscoveryClient    : Single vip registry refresh property : null
2022-10-06 09:02:58.922  INFO 12128 --- [main] com.netflix.discovery.DiscoveryClient    : Force full registry fetch : false
2022-10-06 09:02:58.923  INFO 12128 --- [main] com.netflix.discovery.DiscoveryClient    : Application is null : false
2022-10-06 09:02:58.923  INFO 12128 --- [main] com.netflix.discovery.DiscoveryClient    : Registered Applications size is zero : true
2022-10-06 09:02:58.923  INFO 12128 --- [main] com.netflix.discovery.DiscoveryClient    : Application version is -1: true
2022-10-06 09:02:58.923  INFO 12128 --- [main] com.netflix.discovery.DiscoveryClient    : Getting all instance registry info from the eureka server
2022-10-06 09:02:59.211  INFO 12128 --- [main] com.netflix.discovery.DiscoveryClient    : The response status is 200
2022-10-06 09:02:59.218  INFO 12128 --- [main] com.netflix.discovery.DiscoveryClient    : Starting heartbeat executor: renew interval is: 30
2022-10-06 09:02:59.220  INFO 12128 --- [main] c.n.discovery.InstanceInfoReplicator     : InstanceInfoReplicator onDemand update allowed rate per min is 4
2022-10-06 09:02:59.225  INFO 12128 --- [main] com.netflix.discovery.DiscoveryClient    : Discovery Client initialized at timestamp 1665027179225 with initial instances count: 5
2022-10-06 09:02:59.230  INFO 12128 --- [main] o.s.c.n.e.s.EurekaServiceRegistry        : Registering application TRAIN-SEARCH-SERVICE with eureka with status UP
2022-10-06 09:02:59.231  INFO 12128 --- [main] com.netflix.discovery.DiscoveryClient    : Saw local status change event StatusChangeEvent [timestamp=1665027179231, current=UP, previous=STARTING]
2022-10-06 09:02:59.233  INFO 12128 --- [DiscoveryClient-InstanceInfoReplicator-0] com.netflix.discovery.DiscoveryClient    : DiscoveryClient_TRAIN-SEARCH-SERVICE/LAPTOP-AIJR5HAU:Train-Search-Service:8085: registering service...
2022-10-06 09:02:59.233  INFO 12128 --- [main] d.s.w.p.DocumentationPluginsBootstrapper : Context refreshed
2022-10-06 09:02:59.256  INFO 12128 --- [main] d.s.w.p.DocumentationPluginsBootstrapper : Found 1 custom documentation plugin(s)
2022-10-06 09:02:59.279  INFO 12128 --- [DiscoveryClient-InstanceInfoReplicator-0] com.netflix.discovery.DiscoveryClient    : DiscoveryClient_TRAIN-SEARCH-SERVICE/LAPTOP-AIJR5HAU:Train-Search-Service:8085 - registration status: 204
2022-10-06 09:02:59.295  INFO 12128 --- [main] s.d.s.w.s.ApiListingReferenceScanner     : Scanning for api listing references
2022-10-06 09:02:59.434  INFO 12128 --- [main] .d.s.w.r.o.CachingOperationNameGenerator : Generating unique operation named: getTrainsUsingGET_1
2022-10-06 09:02:59.459  INFO 12128 --- [main] TrainSearchMicroservicesApplicationTests : Started TrainSearchMicroservicesApplicationTests in 7.354 seconds (JVM running for 10.317)
2022-10-06 09:02:59.910  INFO 12128 --- [SpringApplicationShutdownHook] o.s.c.n.e.s.EurekaServiceRegistry        : Unregistering application TRAIN-SEARCH-SERVICE with eureka with status DOWN
2022-10-06 09:02:59.910  INFO 12128 --- [SpringApplicationShutdownHook] com.netflix.discovery.DiscoveryClient    : Saw local status change event StatusChangeEvent [timestamp=1665027179910, current=DOWN, previous=UP]
2022-10-06 09:02:59.910  INFO 12128 --- [DiscoveryClient-InstanceInfoReplicator-0] com.netflix.discovery.DiscoveryClient    : DiscoveryClient_TRAIN-SEARCH-SERVICE/LAPTOP-AIJR5HAU:Train-Search-Service:8085: registering service...
2022-10-06 09:02:59.916  INFO 12128 --- [DiscoveryClient-InstanceInfoReplicator-0] com.netflix.discovery.DiscoveryClient    : DiscoveryClient_TRAIN-SEARCH-SERVICE/LAPTOP-AIJR5HAU:Train-Search-Service:8085 - registration status: 204
2022-10-06 09:03:00.033  INFO 12128 --- [SpringApplicationShutdownHook] com.netflix.discovery.DiscoveryClient    : Shutting down DiscoveryClient ...
2022-10-06 09:03:03.051  INFO 12128 --- [SpringApplicationShutdownHook] com.netflix.discovery.DiscoveryClient    : Unregistering ...
2022-10-06 09:03:03.057  INFO 12128 --- [SpringApplicationShutdownHook] com.netflix.discovery.DiscoveryClient    : DiscoveryClient_TRAIN-SEARCH-SERVICE/LAPTOP-AIJR5HAU:Train-Search-Service:8085 - deregister  status: 200
2022-10-06 09:03:03.062  INFO 12128 --- [SpringApplicationShutdownHook] com.netflix.discovery.DiscoveryClient    : Completed shut down of DiscoveryClient
2022-10-06 09:03:08.034  INFO 36616 --- [DiscoveryClient-HeartbeatExecutor-0] com.netflix.discovery.DiscoveryClient    : DiscoveryClient_TRAIN-SEARCH-SERVICE/LAPTOP-AIJR5HAU:Train-Search-Service:8085 - Re-registering apps/TRAIN-SEARCH-SERVICE
2022-10-06 09:03:08.034  INFO 36616 --- [DiscoveryClient-HeartbeatExecutor-0] com.netflix.discovery.DiscoveryClient    : DiscoveryClient_TRAIN-SEARCH-SERVICE/LAPTOP-AIJR5HAU:Train-Search-Service:8085: registering service...
2022-10-06 09:03:08.055  INFO 36616 --- [DiscoveryClient-HeartbeatExecutor-0] com.netflix.discovery.DiscoveryClient    : DiscoveryClient_TRAIN-SEARCH-SERVICE/LAPTOP-AIJR5HAU:Train-Search-Service:8085 - registration status: 204
2022-10-06 09:06:09.611  INFO 36616 --- [http-nio-8085-exec-1] o.a.c.c.C.[Tomcat].[localhost].[/]       : Initializing Spring DispatcherServlet 'dispatcherServlet'
2022-10-06 09:06:09.612  INFO 36616 --- [http-nio-8085-exec-1] o.s.web.servlet.DispatcherServlet        : Initializing Servlet 'dispatcherServlet'
2022-10-06 09:06:09.671  INFO 36616 --- [http-nio-8085-exec-1] o.s.web.servlet.DispatcherServlet        : Completed initialization in 59 ms
2022-10-06 09:06:09.796  INFO 36616 --- [http-nio-8085-exec-1] c.example.demo.resources.UserController  : getTrains method accessed to findAll trains
2022-10-06 09:06:10.306  INFO 36616 --- [http-nio-8085-exec-1] org.mongodb.driver.connection            : Opened connection [connectionId{localValue:7, serverValue:17457}] to ac-lqnakpj-shard-00-01.xbh6rrg.mongodb.net:27017
2022-10-06 09:06:18.784  INFO 36616 --- [http-nio-8085-exec-4] c.example.demo.resources.UserController  : getTrains method accessed to findAll trains
2022-10-06 09:06:26.464  INFO 36616 --- [http-nio-8085-exec-2] c.example.demo.resources.UserController  : getTrains method accessed to findAll trains
2022-10-06 09:06:37.301  INFO 36616 --- [AsyncResolver-bootstrap-executor-0] c.n.d.s.r.aws.ConfigClusterResolver      : Resolving eureka endpoints via configuration
2022-10-06 09:11:37.313  INFO 36616 --- [AsyncResolver-bootstrap-executor-0] c.n.d.s.r.aws.ConfigClusterResolver      : Resolving eureka endpoints via configuration
2022-10-06 09:16:37.322  INFO 36616 --- [AsyncResolver-bootstrap-executor-0] c.n.d.s.r.aws.ConfigClusterResolver      : Resolving eureka endpoints via configuration
2022-10-06 09:18:06.018  INFO 36616 --- [http-nio-8085-exec-6] c.example.demo.resources.UserController  : getTrains method accessed to findAll trains
2022-10-06 09:21:37.347  INFO 36616 --- [AsyncResolver-bootstrap-executor-0] c.n.d.s.r.aws.ConfigClusterResolver      : Resolving eureka endpoints via configuration
2022-10-06 09:26:37.389  INFO 36616 --- [AsyncResolver-bootstrap-executor-0] c.n.d.s.r.aws.ConfigClusterResolver      : Resolving eureka endpoints via configuration
2022-10-06 09:31:37.427  INFO 36616 --- [AsyncResolver-bootstrap-executor-0] c.n.d.s.r.aws.ConfigClusterResolver      : Resolving eureka endpoints via configuration
2022-10-06 09:36:37.454  INFO 36616 --- [AsyncResolver-bootstrap-executor-0] c.n.d.s.r.aws.ConfigClusterResolver      : Resolving eureka endpoints via configuration
2022-10-06 09:41:37.456  INFO 36616 --- [AsyncResolver-bootstrap-executor-0] c.n.d.s.r.aws.ConfigClusterResolver      : Resolving eureka endpoints via configuration
2022-10-06 09:46:37.457  INFO 36616 --- [AsyncResolver-bootstrap-executor-0] c.n.d.s.r.aws.ConfigClusterResolver      : Resolving eureka endpoints via configuration
2022-10-06 09:51:37.461  INFO 36616 --- [AsyncResolver-bootstrap-executor-0] c.n.d.s.r.aws.ConfigClusterResolver      : Resolving eureka endpoints via configuration
2022-10-06 09:56:37.467  INFO 36616 --- [AsyncResolver-bootstrap-executor-0] c.n.d.s.r.aws.ConfigClusterResolver      : Resolving eureka endpoints via configuration
2022-10-06 10:01:37.472  INFO 36616 --- [AsyncResolver-bootstrap-executor-0] c.n.d.s.r.aws.ConfigClusterResolver      : Resolving eureka endpoints via configuration
2022-10-06 10:06:37.483  INFO 36616 --- [AsyncResolver-bootstrap-executor-0] c.n.d.s.r.aws.ConfigClusterResolver      : Resolving eureka endpoints via configuration
2022-10-06 10:11:37.497  INFO 36616 --- [AsyncResolver-bootstrap-executor-0] c.n.d.s.r.aws.ConfigClusterResolver      : Resolving eureka endpoints via configuration
2022-10-06 10:16:37.538  INFO 36616 --- [AsyncResolver-bootstrap-executor-0] c.n.d.s.r.aws.ConfigClusterResolver      : Resolving eureka endpoints via configuration
2022-10-06 10:21:37.548  INFO 36616 --- [AsyncResolver-bootstrap-executor-0] c.n.d.s.r.aws.ConfigClusterResolver      : Resolving eureka endpoints via configuration
2022-10-06 10:26:37.551  INFO 36616 --- [AsyncResolver-bootstrap-executor-0] c.n.d.s.r.aws.ConfigClusterResolver      : Resolving eureka endpoints via configuration
2022-10-06 10:31:37.565  INFO 36616 --- [AsyncResolver-bootstrap-executor-0] c.n.d.s.r.aws.ConfigClusterResolver      : Resolving eureka endpoints via configuration
2022-10-06 10:36:37.582  INFO 36616 --- [AsyncResolver-bootstrap-executor-0] c.n.d.s.r.aws.ConfigClusterResolver      : Resolving eureka endpoints via configuration
2022-10-06 10:41:37.586  INFO 36616 --- [AsyncResolver-bootstrap-executor-0] c.n.d.s.r.aws.ConfigClusterResolver      : Resolving eureka endpoints via configuration
2022-10-06 10:46:37.596  INFO 36616 --- [AsyncResolver-bootstrap-executor-0] c.n.d.s.r.aws.ConfigClusterResolver      : Resolving eureka endpoints via configuration
2022-10-06 10:51:37.613  INFO 36616 --- [AsyncResolver-bootstrap-executor-0] c.n.d.s.r.aws.ConfigClusterResolver      : Resolving eureka endpoints via configuration
2022-10-06 10:56:37.667  INFO 36616 --- [AsyncResolver-bootstrap-executor-0] c.n.d.s.r.aws.ConfigClusterResolver      : Resolving eureka endpoints via configuration
2022-10-06 11:01:37.960  INFO 36616 --- [AsyncResolver-bootstrap-executor-0] c.n.d.s.r.aws.ConfigClusterResolver      : Resolving eureka endpoints via configuration
2022-10-06 11:06:37.962  INFO 36616 --- [AsyncResolver-bootstrap-executor-0] c.n.d.s.r.aws.ConfigClusterResolver      : Resolving eureka endpoints via configuration
2022-10-06 11:11:37.964  INFO 36616 --- [AsyncResolver-bootstrap-executor-0] c.n.d.s.r.aws.ConfigClusterResolver      : Resolving eureka endpoints via configuration
2022-10-06 11:16:37.977  INFO 36616 --- [AsyncResolver-bootstrap-executor-0] c.n.d.s.r.aws.ConfigClusterResolver      : Resolving eureka endpoints via configuration
2022-10-06 11:21:37.981  INFO 36616 --- [AsyncResolver-bootstrap-executor-0] c.n.d.s.r.aws.ConfigClusterResolver      : Resolving eureka endpoints via configuration
2022-10-06 11:26:37.998  INFO 36616 --- [AsyncResolver-bootstrap-executor-0] c.n.d.s.r.aws.ConfigClusterResolver      : Resolving eureka endpoints via configuration
2022-10-06 11:31:38.170  INFO 36616 --- [AsyncResolver-bootstrap-executor-0] c.n.d.s.r.aws.ConfigClusterResolver      : Resolving eureka endpoints via configuration
2022-10-06 11:36:38.175  INFO 36616 --- [AsyncResolver-bootstrap-executor-0] c.n.d.s.r.aws.ConfigClusterResolver      : Resolving eureka endpoints via configuration
2022-10-06 11:41:38.179  INFO 36616 --- [AsyncResolver-bootstrap-executor-0] c.n.d.s.r.aws.ConfigClusterResolver      : Resolving eureka endpoints via configuration
2022-10-06 11:46:38.181  INFO 36616 --- [AsyncResolver-bootstrap-executor-0] c.n.d.s.r.aws.ConfigClusterResolver      : Resolving eureka endpoints via configuration
2022-10-06 11:51:38.185  INFO 36616 --- [AsyncResolver-bootstrap-executor-0] c.n.d.s.r.aws.ConfigClusterResolver      : Resolving eureka endpoints via configuration
2022-10-06 11:56:38.189  INFO 36616 --- [AsyncResolver-bootstrap-executor-0] c.n.d.s.r.aws.ConfigClusterResolver      : Resolving eureka endpoints via configuration
2022-10-06 12:01:38.191  INFO 36616 --- [AsyncResolver-bootstrap-executor-0] c.n.d.s.r.aws.ConfigClusterResolver      : Resolving eureka endpoints via configuration
2022-10-06 12:06:38.196  INFO 36616 --- [AsyncResolver-bootstrap-executor-0] c.n.d.s.r.aws.ConfigClusterResolver      : Resolving eureka endpoints via configuration
2022-10-06 12:11:38.237  INFO 36616 --- [AsyncResolver-bootstrap-executor-0] c.n.d.s.r.aws.ConfigClusterResolver      : Resolving eureka endpoints via configuration
2022-10-06 12:16:38.241  INFO 36616 --- [AsyncResolver-bootstrap-executor-0] c.n.d.s.r.aws.ConfigClusterResolver      : Resolving eureka endpoints via configuration
2022-10-06 12:21:38.267  INFO 36616 --- [AsyncResolver-bootstrap-executor-0] c.n.d.s.r.aws.ConfigClusterResolver      : Resolving eureka endpoints via configuration
2022-10-06 12:26:38.390  INFO 36616 --- [AsyncResolver-bootstrap-executor-0] c.n.d.s.r.aws.ConfigClusterResolver      : Resolving eureka endpoints via configuration
2022-10-06 12:31:38.391  INFO 36616 --- [AsyncResolver-bootstrap-executor-0] c.n.d.s.r.aws.ConfigClusterResolver      : Resolving eureka endpoints via configuration
2022-10-06 12:36:38.394  INFO 36616 --- [AsyncResolver-bootstrap-executor-0] c.n.d.s.r.aws.ConfigClusterResolver      : Resolving eureka endpoints via configuration
2022-10-06 12:41:38.403  INFO 36616 --- [AsyncResolver-bootstrap-executor-0] c.n.d.s.r.aws.ConfigClusterResolver      : Resolving eureka endpoints via configuration
2022-10-06 12:46:38.441  INFO 36616 --- [AsyncResolver-bootstrap-executor-0] c.n.d.s.r.aws.ConfigClusterResolver      : Resolving eureka endpoints via configuration
2022-10-06 12:51:38.449  INFO 36616 --- [AsyncResolver-bootstrap-executor-0] c.n.d.s.r.aws.ConfigClusterResolver      : Resolving eureka endpoints via configuration
2022-10-06 12:56:38.462  INFO 36616 --- [AsyncResolver-bootstrap-executor-0] c.n.d.s.r.aws.ConfigClusterResolver      : Resolving eureka endpoints via configuration
2022-10-06 13:01:38.502  INFO 36616 --- [AsyncResolver-bootstrap-executor-0] c.n.d.s.r.aws.ConfigClusterResolver      : Resolving eureka endpoints via configuration
2022-10-06 13:06:38.523  INFO 36616 --- [AsyncResolver-bootstrap-executor-0] c.n.d.s.r.aws.ConfigClusterResolver      : Resolving eureka endpoints via configuration
2022-10-06 13:11:38.542  INFO 36616 --- [AsyncResolver-bootstrap-executor-0] c.n.d.s.r.aws.ConfigClusterResolver      : Resolving eureka endpoints via configuration
2022-10-06 13:16:38.562  INFO 36616 --- [AsyncResolver-bootstrap-executor-0] c.n.d.s.r.aws.ConfigClusterResolver      : Resolving eureka endpoints via configuration
2022-10-06 13:21:38.606  INFO 36616 --- [AsyncResolver-bootstrap-executor-0] c.n.d.s.r.aws.ConfigClusterResolver      : Resolving eureka endpoints via configuration
2022-10-06 13:26:38.650  INFO 36616 --- [AsyncResolver-bootstrap-executor-0] c.n.d.s.r.aws.ConfigClusterResolver      : Resolving eureka endpoints via configuration
2022-10-06 13:31:38.661  INFO 36616 --- [AsyncResolver-bootstrap-executor-0] c.n.d.s.r.aws.ConfigClusterResolver      : Resolving eureka endpoints via configuration
2022-10-06 13:36:38.680  INFO 36616 --- [AsyncResolver-bootstrap-executor-0] c.n.d.s.r.aws.ConfigClusterResolver      : Resolving eureka endpoints via configuration
2022-10-06 13:41:38.686  INFO 36616 --- [AsyncResolver-bootstrap-executor-0] c.n.d.s.r.aws.ConfigClusterResolver      : Resolving eureka endpoints via configuration
2022-10-06 13:46:38.783  INFO 36616 --- [AsyncResolver-bootstrap-executor-0] c.n.d.s.r.aws.ConfigClusterResolver      : Resolving eureka endpoints via configuration
2022-10-06 13:47:05.055  INFO 36616 --- [http-nio-8085-exec-8] c.example.demo.resources.UserController  : getTrains method accessed to findAll trains
2022-10-06 13:51:38.902  INFO 36616 --- [AsyncResolver-bootstrap-executor-0] c.n.d.s.r.aws.ConfigClusterResolver      : Resolving eureka endpoints via configuration
2022-10-06 13:56:38.904  INFO 36616 --- [AsyncResolver-bootstrap-executor-0] c.n.d.s.r.aws.ConfigClusterResolver      : Resolving eureka endpoints via configuration
2022-10-06 14:01:50.607  INFO 36616 --- [AsyncResolver-bootstrap-executor-0] c.n.d.s.r.aws.ConfigClusterResolver      : Resolving eureka endpoints via configuration
2022-10-06 14:06:50.668  INFO 36616 --- [AsyncResolver-bootstrap-executor-0] c.n.d.s.r.aws.ConfigClusterResolver      : Resolving eureka endpoints via configuration
2022-10-06 14:08:45.293  WARN 36616 --- [DiscoveryClient-0] c.netflix.discovery.TimedSupervisorTask  : task supervisor timed out

java.util.concurrent.TimeoutException: null
	at java.base/java.util.concurrent.FutureTask.get(FutureTask.java:204) ~[na:na]
	at com.netflix.discovery.TimedSupervisorTask.run(TimedSupervisorTask.java:68) ~[eureka-client-1.10.17.jar:1.10.17]
	at java.base/java.util.concurrent.Executors$RunnableAdapter.call(Executors.java:539) ~[na:na]
	at java.base/java.util.concurrent.FutureTask.run(FutureTask.java:264) ~[na:na]
	at java.base/java.util.concurrent.ScheduledThreadPoolExecutor$ScheduledFutureTask.run(ScheduledThreadPoolExecutor.java:304) ~[na:na]
	at java.base/java.util.concurrent.ThreadPoolExecutor.runWorker(ThreadPoolExecutor.java:1136) ~[na:na]
	at java.base/java.util.concurrent.ThreadPoolExecutor$Worker.run(ThreadPoolExecutor.java:635) ~[na:na]
	at java.base/java.lang.Thread.run(Thread.java:833) ~[na:na]

