2022-10-06 08:46:34.894  INFO 23308 --- [restartedMain] c.e.demo.TrainDetailServiceApplication   : Starting TrainDetailServiceApplication using Java 17.0.2 on LAPTOP-AIJR5HAU with PID 23308 (C:\Users\Sandhiya Ramalingam\Downloads\trainDetails_service\trainDetail_service\target\classes started by Sandhiya Ramalingam in C:\Users\Sandhiya Ramalingam\Downloads\trainDetails_service\trainDetail_service)
2022-10-06 08:46:34.901  INFO 23308 --- [restartedMain] c.e.demo.TrainDetailServiceApplication   : No active profile set, falling back to 1 default profile: "default"
2022-10-06 08:46:34.969  INFO 23308 --- [restartedMain] .e.DevToolsPropertyDefaultsPostProcessor : Devtools property defaults active! Set 'spring.devtools.add-properties' to 'false' to disable
2022-10-06 08:46:34.977  INFO 23308 --- [restartedMain] .e.DevToolsPropertyDefaultsPostProcessor : For additional web related logging consider setting the 'logging.level.web' property to 'DEBUG'
2022-10-06 08:46:36.320  INFO 23308 --- [restartedMain] .s.d.r.c.RepositoryConfigurationDelegate : Bootstrapping Spring Data MongoDB repositories in DEFAULT mode.
2022-10-06 08:46:36.427  INFO 23308 --- [restartedMain] .s.d.r.c.RepositoryConfigurationDelegate : Finished Spring Data repository scanning in 103 ms. Found 1 MongoDB repository interfaces.
2022-10-06 08:46:36.652  INFO 23308 --- [restartedMain] o.s.cloud.context.scope.GenericScope     : BeanFactory id=ff6585aa-0396-3329-be78-c37cba370dbb
2022-10-06 08:46:39.242  INFO 23308 --- [restartedMain] o.s.b.w.embedded.tomcat.TomcatWebServer  : Tomcat initialized with port(s): 8081 (http)
2022-10-06 08:46:39.290  INFO 23308 --- [restartedMain] o.apache.catalina.core.StandardService   : Starting service [Tomcat]
2022-10-06 08:46:39.290  INFO 23308 --- [restartedMain] org.apache.catalina.core.StandardEngine  : Starting Servlet engine: [Apache Tomcat/9.0.65]
2022-10-06 08:46:42.728  INFO 23308 --- [restartedMain] o.a.c.c.C.[Tomcat].[localhost].[/]       : Initializing Spring embedded WebApplicationContext
2022-10-06 08:46:42.729  INFO 23308 --- [restartedMain] w.s.c.ServletWebServerApplicationContext : Root WebApplicationContext: initialization completed in 7751 ms
2022-10-06 08:46:44.382  INFO 23308 --- [restartedMain] org.mongodb.driver.client                : MongoClient with metadata {"driver": {"name": "mongo-java-driver|sync|spring-boot", "version": "4.6.1"}, "os": {"type": "Windows", "name": "Windows 11", "architecture": "amd64", "version": "10.0"}, "platform": "Java/Eclipse Adoptium/17.0.2+8"} created with settings MongoClientSettings{readPreference=primary, writeConcern=WriteConcern{w=null, wTimeout=null ms, journal=null}, retryWrites=true, retryReads=true, readConcern=ReadConcern{level=null}, credential=MongoCredential{mechanism=null, userName='sandy_28', source='admin', password=<hidden>, mechanismProperties=<hidden>}, streamFactoryFactory=null, commandListeners=[], codecRegistry=ProvidersCodecRegistry{codecProviders=[ValueCodecProvider{}, BsonValueCodecProvider{}, DBRefCodecProvider{}, DBObjectCodecProvider{}, DocumentCodecProvider{}, IterableCodecProvider{}, MapCodecProvider{}, GeoJsonCodecProvider{}, GridFSFileCodecProvider{}, Jsr310CodecProvider{}, JsonObjectCodecProvider{}, BsonCodecProvider{}, EnumCodecProvider{}, com.mongodb.Jep395RecordCodecProvider@646b0151]}, clusterSettings={hosts=[127.0.0.1:27017], srvHost=cluster0.xbh6rrg.mongodb.net, srvServiceName=mongodb, mode=MULTIPLE, requiredClusterType=REPLICA_SET, requiredReplicaSetName='atlas-1pxrvk-shard-0', serverSelector='null', clusterListeners='[]', serverSelectionTimeout='30000 ms', localThreshold='30000 ms'}, socketSettings=SocketSettings{connectTimeoutMS=10000, readTimeoutMS=0, receiveBufferSize=0, sendBufferSize=0}, heartbeatSocketSettings=SocketSettings{connectTimeoutMS=10000, readTimeoutMS=10000, receiveBufferSize=0, sendBufferSize=0}, connectionPoolSettings=ConnectionPoolSettings{maxSize=100, minSize=0, maxWaitTimeMS=120000, maxConnectionLifeTimeMS=0, maxConnectionIdleTimeMS=0, maintenanceInitialDelayMS=0, maintenanceFrequencyMS=60000, connectionPoolListeners=[], maxConnecting=2}, serverSettings=ServerSettings{heartbeatFrequencyMS=10000, minHeartbeatFrequencyMS=500, serverListeners='[]', serverMonitorListeners='[]'}, sslSettings=SslSettings{enabled=true, invalidHostNameAllowed=false, context=null}, applicationName='null', compressorList=[], uuidRepresentation=JAVA_LEGACY, serverApi=null, autoEncryptionSettings=null, contextProvider=null}
2022-10-06 08:46:44.442  WARN 23308 --- [restartedMain] o.s.data.convert.CustomConversions       : Registering converter from class java.time.LocalDateTime to class org.joda.time.LocalDateTime as reading converter although it doesn't convert from a store-supported type; You might want to check your annotation setup at the converter implementation
2022-10-06 08:46:44.533  INFO 23308 --- [cluster-ClusterId{value='633e489c5b147c1148394145', description='null'}-srv-cluster0.xbh6rrg.mongodb.net] org.mongodb.driver.cluster               : Adding discovered server ac-lqnakpj-shard-00-02.xbh6rrg.mongodb.net:27017 to client view of cluster
2022-10-06 08:46:44.551  INFO 23308 --- [cluster-ClusterId{value='633e489c5b147c1148394145', description='null'}-srv-cluster0.xbh6rrg.mongodb.net] org.mongodb.driver.cluster               : Adding discovered server ac-lqnakpj-shard-00-01.xbh6rrg.mongodb.net:27017 to client view of cluster
2022-10-06 08:46:44.552  INFO 23308 --- [cluster-ClusterId{value='633e489c5b147c1148394145', description='null'}-srv-cluster0.xbh6rrg.mongodb.net] org.mongodb.driver.cluster               : Adding discovered server ac-lqnakpj-shard-00-00.xbh6rrg.mongodb.net:27017 to client view of cluster
2022-10-06 08:46:44.636  WARN 23308 --- [restartedMain] o.s.b.d.a.OptionalLiveReloadServer       : Unable to start LiveReload server
2022-10-06 08:46:44.686  WARN 23308 --- [restartedMain] o.s.data.convert.CustomConversions       : Registering converter from class java.time.LocalDateTime to class org.joda.time.LocalDateTime as reading converter although it doesn't convert from a store-supported type; You might want to check your annotation setup at the converter implementation
2022-10-06 08:46:45.262  INFO 23308 --- [cluster-rtt-ClusterId{value='633e489c5b147c1148394145', description='null'}-ac-lqnakpj-shard-00-00.xbh6rrg.mongodb.net:27017] org.mongodb.driver.connection            : Opened connection [connectionId{localValue:4, serverValue:15782}] to ac-lqnakpj-shard-00-00.xbh6rrg.mongodb.net:27017
2022-10-06 08:46:45.262  INFO 23308 --- [cluster-ClusterId{value='633e489c5b147c1148394145', description='null'}-ac-lqnakpj-shard-00-01.xbh6rrg.mongodb.net:27017] org.mongodb.driver.connection            : Opened connection [connectionId{localValue:5, serverValue:16228}] to ac-lqnakpj-shard-00-01.xbh6rrg.mongodb.net:27017
2022-10-06 08:46:45.263  INFO 23308 --- [cluster-ClusterId{value='633e489c5b147c1148394145', description='null'}-ac-lqnakpj-shard-00-00.xbh6rrg.mongodb.net:27017] org.mongodb.driver.connection            : Opened connection [connectionId{localValue:2, serverValue:15783}] to ac-lqnakpj-shard-00-00.xbh6rrg.mongodb.net:27017
2022-10-06 08:46:45.262  INFO 23308 --- [cluster-rtt-ClusterId{value='633e489c5b147c1148394145', description='null'}-ac-lqnakpj-shard-00-02.xbh6rrg.mongodb.net:27017] org.mongodb.driver.connection            : Opened connection [connectionId{localValue:1, serverValue:15486}] to ac-lqnakpj-shard-00-02.xbh6rrg.mongodb.net:27017
2022-10-06 08:46:45.262  INFO 23308 --- [cluster-rtt-ClusterId{value='633e489c5b147c1148394145', description='null'}-ac-lqnakpj-shard-00-01.xbh6rrg.mongodb.net:27017] org.mongodb.driver.connection            : Opened connection [connectionId{localValue:3, serverValue:16220}] to ac-lqnakpj-shard-00-01.xbh6rrg.mongodb.net:27017
2022-10-06 08:46:45.262  INFO 23308 --- [cluster-ClusterId{value='633e489c5b147c1148394145', description='null'}-ac-lqnakpj-shard-00-02.xbh6rrg.mongodb.net:27017] org.mongodb.driver.connection            : Opened connection [connectionId{localValue:6, serverValue:15486}] to ac-lqnakpj-shard-00-02.xbh6rrg.mongodb.net:27017
2022-10-06 08:46:45.263  INFO 23308 --- [cluster-ClusterId{value='633e489c5b147c1148394145', description='null'}-ac-lqnakpj-shard-00-01.xbh6rrg.mongodb.net:27017] org.mongodb.driver.cluster               : Monitor thread successfully connected to server with description ServerDescription{address=ac-lqnakpj-shard-00-01.xbh6rrg.mongodb.net:27017, type=REPLICA_SET_PRIMARY, state=CONNECTED, ok=true, minWireVersion=0, maxWireVersion=13, maxDocumentSize=16777216, logicalSessionTimeoutMinutes=30, roundTripTimeNanos=399132100, setName='atlas-1pxrvk-shard-0', canonicalAddress=ac-lqnakpj-shard-00-01.xbh6rrg.mongodb.net:27017, hosts=[ac-lqnakpj-shard-00-01.xbh6rrg.mongodb.net:27017, ac-lqnakpj-shard-00-00.xbh6rrg.mongodb.net:27017, ac-lqnakpj-shard-00-02.xbh6rrg.mongodb.net:27017], passives=[], arbiters=[], primary='ac-lqnakpj-shard-00-01.xbh6rrg.mongodb.net:27017', tagSet=TagSet{[Tag{name='nodeType', value='ELECTABLE'}, Tag{name='provider', value='AWS'}, Tag{name='region', value='AP_SOUTH_1'}, Tag{name='workloadType', value='OPERATIONAL'}]}, electionId=7fffffff000000000000006a, setVersion=3, topologyVersion=TopologyVersion{processId=633dab69b943707ac091733d, counter=6}, lastWriteDate=Thu Oct 06 08:46:46 IST 2022, lastUpdateTimeNanos=266028814584699}
2022-10-06 08:46:45.263  INFO 23308 --- [cluster-ClusterId{value='633e489c5b147c1148394145', description='null'}-ac-lqnakpj-shard-00-00.xbh6rrg.mongodb.net:27017] org.mongodb.driver.cluster               : Monitor thread successfully connected to server with description ServerDescription{address=ac-lqnakpj-shard-00-00.xbh6rrg.mongodb.net:27017, type=REPLICA_SET_SECONDARY, state=CONNECTED, ok=true, minWireVersion=0, maxWireVersion=13, maxDocumentSize=16777216, logicalSessionTimeoutMinutes=30, roundTripTimeNanos=399132000, setName='atlas-1pxrvk-shard-0', canonicalAddress=ac-lqnakpj-shard-00-00.xbh6rrg.mongodb.net:27017, hosts=[ac-lqnakpj-shard-00-01.xbh6rrg.mongodb.net:27017, ac-lqnakpj-shard-00-00.xbh6rrg.mongodb.net:27017, ac-lqnakpj-shard-00-02.xbh6rrg.mongodb.net:27017], passives=[], arbiters=[], primary='ac-lqnakpj-shard-00-01.xbh6rrg.mongodb.net:27017', tagSet=TagSet{[Tag{name='nodeType', value='ELECTABLE'}, Tag{name='provider', value='AWS'}, Tag{name='region', value='AP_SOUTH_1'}, Tag{name='workloadType', value='OPERATIONAL'}]}, electionId=null, setVersion=3, topologyVersion=TopologyVersion{processId=633daa9a9765fa9ed17f0cbf, counter=4}, lastWriteDate=Thu Oct 06 08:46:46 IST 2022, lastUpdateTimeNanos=266028814584699}
2022-10-06 08:46:45.263  INFO 23308 --- [cluster-ClusterId{value='633e489c5b147c1148394145', description='null'}-ac-lqnakpj-shard-00-02.xbh6rrg.mongodb.net:27017] org.mongodb.driver.cluster               : Monitor thread successfully connected to server with description ServerDescription{address=ac-lqnakpj-shard-00-02.xbh6rrg.mongodb.net:27017, type=REPLICA_SET_SECONDARY, state=CONNECTED, ok=true, minWireVersion=0, maxWireVersion=13, maxDocumentSize=16777216, logicalSessionTimeoutMinutes=30, roundTripTimeNanos=393464201, setName='atlas-1pxrvk-shard-0', canonicalAddress=ac-lqnakpj-shard-00-02.xbh6rrg.mongodb.net:27017, hosts=[ac-lqnakpj-shard-00-01.xbh6rrg.mongodb.net:27017, ac-lqnakpj-shard-00-00.xbh6rrg.mongodb.net:27017, ac-lqnakpj-shard-00-02.xbh6rrg.mongodb.net:27017], passives=[], arbiters=[], primary='ac-lqnakpj-shard-00-01.xbh6rrg.mongodb.net:27017', tagSet=TagSet{[Tag{name='nodeType', value='ELECTABLE'}, Tag{name='provider', value='AWS'}, Tag{name='region', value='AP_SOUTH_1'}, Tag{name='workloadType', value='OPERATIONAL'}]}, electionId=null, setVersion=3, topologyVersion=TopologyVersion{processId=633dac5eb656f5bbfab20fff, counter=3}, lastWriteDate=Thu Oct 06 08:46:46 IST 2022, lastUpdateTimeNanos=266028814584699}
2022-10-06 08:46:45.266  INFO 23308 --- [cluster-ClusterId{value='633e489c5b147c1148394145', description='null'}-ac-lqnakpj-shard-00-01.xbh6rrg.mongodb.net:27017] org.mongodb.driver.cluster               : Setting max election id to 7fffffff000000000000006a from replica set primary ac-lqnakpj-shard-00-01.xbh6rrg.mongodb.net:27017
2022-10-06 08:46:45.267  INFO 23308 --- [cluster-ClusterId{value='633e489c5b147c1148394145', description='null'}-ac-lqnakpj-shard-00-01.xbh6rrg.mongodb.net:27017] org.mongodb.driver.cluster               : Setting max set version to 3 from replica set primary ac-lqnakpj-shard-00-01.xbh6rrg.mongodb.net:27017
2022-10-06 08:46:45.267  INFO 23308 --- [cluster-ClusterId{value='633e489c5b147c1148394145', description='null'}-ac-lqnakpj-shard-00-01.xbh6rrg.mongodb.net:27017] org.mongodb.driver.cluster               : Discovered replica set primary ac-lqnakpj-shard-00-01.xbh6rrg.mongodb.net:27017
2022-10-06 08:46:46.220  INFO 23308 --- [restartedMain] pertySourcedRequestMappingHandlerMapping : Mapped URL path [/v2/api-docs] onto method [springfox.documentation.swagger2.web.Swagger2Controller#getDocumentation(String, HttpServletRequest)]
2022-10-06 08:46:46.857  INFO 23308 --- [restartedMain] DiscoveryClientOptionalArgsConfiguration : Eureka HTTP Client uses RestTemplate.
2022-10-06 08:46:47.069  WARN 23308 --- [restartedMain] iguration$LoadBalancerCaffeineWarnLogger : Spring Cloud LoadBalancer is currently working with the default cache. While this cache implementation is useful for development and tests, it's recommended to use Caffeine cache in production.You can switch to using Caffeine cache, by adding it and org.springframework.cache.caffeine.CaffeineCacheManager to the classpath.
2022-10-06 08:46:47.100  INFO 23308 --- [restartedMain] o.s.c.n.eureka.InstanceInfoFactory       : Setting initial instance status as: STARTING
2022-10-06 08:46:47.213  INFO 23308 --- [restartedMain] com.netflix.discovery.DiscoveryClient    : Initializing Eureka in region us-east-1
2022-10-06 08:46:47.222  INFO 23308 --- [restartedMain] c.n.d.s.r.aws.ConfigClusterResolver      : Resolving eureka endpoints via configuration
2022-10-06 08:46:47.258  INFO 23308 --- [restartedMain] com.netflix.discovery.DiscoveryClient    : Disable delta property : false
2022-10-06 08:46:47.259  INFO 23308 --- [restartedMain] com.netflix.discovery.DiscoveryClient    : Single vip registry refresh property : null
2022-10-06 08:46:47.259  INFO 23308 --- [restartedMain] com.netflix.discovery.DiscoveryClient    : Force full registry fetch : false
2022-10-06 08:46:47.259  INFO 23308 --- [restartedMain] com.netflix.discovery.DiscoveryClient    : Application is null : false
2022-10-06 08:46:47.259  INFO 23308 --- [restartedMain] com.netflix.discovery.DiscoveryClient    : Registered Applications size is zero : true
2022-10-06 08:46:47.259  INFO 23308 --- [restartedMain] com.netflix.discovery.DiscoveryClient    : Application version is -1: true
2022-10-06 08:46:47.259  INFO 23308 --- [restartedMain] com.netflix.discovery.DiscoveryClient    : Getting all instance registry info from the eureka server
2022-10-06 08:46:47.647  INFO 23308 --- [restartedMain] com.netflix.discovery.DiscoveryClient    : The response status is 200
2022-10-06 08:46:47.658  INFO 23308 --- [restartedMain] com.netflix.discovery.DiscoveryClient    : Starting heartbeat executor: renew interval is: 30
2022-10-06 08:46:47.669  INFO 23308 --- [restartedMain] c.n.discovery.InstanceInfoReplicator     : InstanceInfoReplicator onDemand update allowed rate per min is 4
2022-10-06 08:46:47.688  INFO 23308 --- [restartedMain] com.netflix.discovery.DiscoveryClient    : Discovery Client initialized at timestamp 1665026207687 with initial instances count: 2
2022-10-06 08:46:47.690  INFO 23308 --- [restartedMain] o.s.c.n.e.s.EurekaServiceRegistry        : Registering application TRAIN-DETAILS-SERVICE with eureka with status UP
2022-10-06 08:46:47.691  INFO 23308 --- [restartedMain] com.netflix.discovery.DiscoveryClient    : Saw local status change event StatusChangeEvent [timestamp=1665026207691, current=UP, previous=STARTING]
2022-10-06 08:46:47.694  INFO 23308 --- [DiscoveryClient-InstanceInfoReplicator-0] com.netflix.discovery.DiscoveryClient    : DiscoveryClient_TRAIN-DETAILS-SERVICE/LAPTOP-AIJR5HAU:Train-Details-Service:8081: registering service...
2022-10-06 08:46:47.798  INFO 23308 --- [DiscoveryClient-InstanceInfoReplicator-0] com.netflix.discovery.DiscoveryClient    : DiscoveryClient_TRAIN-DETAILS-SERVICE/LAPTOP-AIJR5HAU:Train-Details-Service:8081 - registration status: 204
2022-10-06 08:46:47.876  INFO 23308 --- [restartedMain] o.s.b.w.embedded.tomcat.TomcatWebServer  : Tomcat started on port(s): 8081 (http) with context path ''
2022-10-06 08:46:47.877  INFO 23308 --- [restartedMain] .s.c.n.e.s.EurekaAutoServiceRegistration : Updating port to 8081
2022-10-06 08:46:47.986  INFO 23308 --- [restartedMain] d.s.w.p.DocumentationPluginsBootstrapper : Context refreshed
2022-10-06 08:46:48.056  INFO 23308 --- [restartedMain] d.s.w.p.DocumentationPluginsBootstrapper : Found 1 custom documentation plugin(s)
2022-10-06 08:46:48.093  INFO 23308 --- [restartedMain] s.d.s.w.s.ApiListingReferenceScanner     : Scanning for api listing references
2022-10-06 08:46:48.245  INFO 23308 --- [restartedMain] .d.s.w.r.o.CachingOperationNameGenerator : Generating unique operation named: updateTrainUsingPUT_1
2022-10-06 08:46:48.254  INFO 23308 --- [restartedMain] .d.s.w.r.o.CachingOperationNameGenerator : Generating unique operation named: getTrainsUsingGET_1
2022-10-06 08:46:48.288  INFO 23308 --- [restartedMain] c.e.demo.TrainDetailServiceApplication   : Started TrainDetailServiceApplication in 14.599 seconds (JVM running for 16.238)
2022-10-06 08:51:47.264  INFO 23308 --- [AsyncResolver-bootstrap-executor-0] c.n.d.s.r.aws.ConfigClusterResolver      : Resolving eureka endpoints via configuration
2022-10-06 08:56:47.276  INFO 23308 --- [AsyncResolver-bootstrap-executor-0] c.n.d.s.r.aws.ConfigClusterResolver      : Resolving eureka endpoints via configuration
2022-10-06 09:01:36.526  INFO 31524 --- [main] c.e.d.TrainDetailServiceApplicationTests : Starting TrainDetailServiceApplicationTests using Java 17.0.2 on LAPTOP-AIJR5HAU with PID 31524 (started by Sandhiya Ramalingam in C:\Users\Sandhiya Ramalingam\Downloads\trainDetails_service\trainDetail_service)
2022-10-06 09:01:36.528  INFO 31524 --- [main] c.e.d.TrainDetailServiceApplicationTests : No active profile set, falling back to 1 default profile: "default"
2022-10-06 09:01:38.826  INFO 31524 --- [main] .s.d.r.c.RepositoryConfigurationDelegate : Bootstrapping Spring Data MongoDB repositories in DEFAULT mode.
2022-10-06 09:01:38.996  INFO 31524 --- [main] .s.d.r.c.RepositoryConfigurationDelegate : Finished Spring Data repository scanning in 164 ms. Found 1 MongoDB repository interfaces.
2022-10-06 09:01:39.291  INFO 31524 --- [main] o.s.cloud.context.scope.GenericScope     : BeanFactory id=b1dcc7cc-abd9-3e14-9052-abe332422b96
2022-10-06 09:01:44.501  INFO 31524 --- [main] pertySourcedRequestMappingHandlerMapping : Mapped URL path [/v2/api-docs] onto method [springfox.documentation.swagger2.web.Swagger2Controller#getDocumentation(String, HttpServletRequest)]
2022-10-06 09:01:45.687  INFO 31524 --- [main] org.mongodb.driver.client                : MongoClient with metadata {"driver": {"name": "mongo-java-driver|sync|spring-boot", "version": "4.6.1"}, "os": {"type": "Windows", "name": "Windows 11", "architecture": "amd64", "version": "10.0"}, "platform": "Java/Eclipse Adoptium/17.0.2+8"} created with settings MongoClientSettings{readPreference=primary, writeConcern=WriteConcern{w=null, wTimeout=null ms, journal=null}, retryWrites=true, retryReads=true, readConcern=ReadConcern{level=null}, credential=MongoCredential{mechanism=null, userName='sandy_28', source='admin', password=<hidden>, mechanismProperties=<hidden>}, streamFactoryFactory=null, commandListeners=[], codecRegistry=ProvidersCodecRegistry{codecProviders=[ValueCodecProvider{}, BsonValueCodecProvider{}, DBRefCodecProvider{}, DBObjectCodecProvider{}, DocumentCodecProvider{}, IterableCodecProvider{}, MapCodecProvider{}, GeoJsonCodecProvider{}, GridFSFileCodecProvider{}, Jsr310CodecProvider{}, JsonObjectCodecProvider{}, BsonCodecProvider{}, EnumCodecProvider{}, com.mongodb.Jep395RecordCodecProvider@4c3d72fd]}, clusterSettings={hosts=[127.0.0.1:27017], srvHost=cluster0.xbh6rrg.mongodb.net, srvServiceName=mongodb, mode=MULTIPLE, requiredClusterType=REPLICA_SET, requiredReplicaSetName='atlas-1pxrvk-shard-0', serverSelector='null', clusterListeners='[]', serverSelectionTimeout='30000 ms', localThreshold='30000 ms'}, socketSettings=SocketSettings{connectTimeoutMS=10000, readTimeoutMS=0, receiveBufferSize=0, sendBufferSize=0}, heartbeatSocketSettings=SocketSettings{connectTimeoutMS=10000, readTimeoutMS=10000, receiveBufferSize=0, sendBufferSize=0}, connectionPoolSettings=ConnectionPoolSettings{maxSize=100, minSize=0, maxWaitTimeMS=120000, maxConnectionLifeTimeMS=0, maxConnectionIdleTimeMS=0, maintenanceInitialDelayMS=0, maintenanceFrequencyMS=60000, connectionPoolListeners=[], maxConnecting=2}, serverSettings=ServerSettings{heartbeatFrequencyMS=10000, minHeartbeatFrequencyMS=500, serverListeners='[]', serverMonitorListeners='[]'}, sslSettings=SslSettings{enabled=true, invalidHostNameAllowed=false, context=null}, applicationName='null', compressorList=[], uuidRepresentation=JAVA_LEGACY, serverApi=null, autoEncryptionSettings=null, contextProvider=null}
2022-10-06 09:01:45.764  WARN 31524 --- [main] o.s.data.convert.CustomConversions       : Registering converter from class java.time.LocalDateTime to class org.joda.time.LocalDateTime as reading converter although it doesn't convert from a store-supported type; You might want to check your annotation setup at the converter implementation
2022-10-06 09:01:45.884  INFO 31524 --- [cluster-ClusterId{value='633e4c218002a10f70ddd840', description='null'}-srv-cluster0.xbh6rrg.mongodb.net] org.mongodb.driver.cluster               : Adding discovered server ac-lqnakpj-shard-00-02.xbh6rrg.mongodb.net:27017 to client view of cluster
2022-10-06 09:01:45.913  INFO 31524 --- [cluster-ClusterId{value='633e4c218002a10f70ddd840', description='null'}-srv-cluster0.xbh6rrg.mongodb.net] org.mongodb.driver.cluster               : Adding discovered server ac-lqnakpj-shard-00-01.xbh6rrg.mongodb.net:27017 to client view of cluster
2022-10-06 09:01:45.915  INFO 31524 --- [cluster-ClusterId{value='633e4c218002a10f70ddd840', description='null'}-srv-cluster0.xbh6rrg.mongodb.net] org.mongodb.driver.cluster               : Adding discovered server ac-lqnakpj-shard-00-00.xbh6rrg.mongodb.net:27017 to client view of cluster
2022-10-06 09:01:45.932  WARN 31524 --- [main] o.s.data.convert.CustomConversions       : Registering converter from class java.time.LocalDateTime to class org.joda.time.LocalDateTime as reading converter although it doesn't convert from a store-supported type; You might want to check your annotation setup at the converter implementation
2022-10-06 09:01:46.465  INFO 31524 --- [main] DiscoveryClientOptionalArgsConfiguration : Eureka HTTP Client uses RestTemplate.
2022-10-06 09:01:46.535  INFO 31524 --- [cluster-rtt-ClusterId{value='633e4c218002a10f70ddd840', description='null'}-ac-lqnakpj-shard-00-01.xbh6rrg.mongodb.net:27017] org.mongodb.driver.connection            : Opened connection [connectionId{localValue:3, serverValue:17025}] to ac-lqnakpj-shard-00-01.xbh6rrg.mongodb.net:27017
2022-10-06 09:01:46.535  INFO 31524 --- [cluster-rtt-ClusterId{value='633e4c218002a10f70ddd840', description='null'}-ac-lqnakpj-shard-00-02.xbh6rrg.mongodb.net:27017] org.mongodb.driver.connection            : Opened connection [connectionId{localValue:1, serverValue:16328}] to ac-lqnakpj-shard-00-02.xbh6rrg.mongodb.net:27017
2022-10-06 09:01:46.535  INFO 31524 --- [cluster-ClusterId{value='633e4c218002a10f70ddd840', description='null'}-ac-lqnakpj-shard-00-01.xbh6rrg.mongodb.net:27017] org.mongodb.driver.connection            : Opened connection [connectionId{localValue:5, serverValue:17151}] to ac-lqnakpj-shard-00-01.xbh6rrg.mongodb.net:27017
2022-10-06 09:01:46.535  INFO 31524 --- [cluster-ClusterId{value='633e4c218002a10f70ddd840', description='null'}-ac-lqnakpj-shard-00-02.xbh6rrg.mongodb.net:27017] org.mongodb.driver.connection            : Opened connection [connectionId{localValue:4, serverValue:16328}] to ac-lqnakpj-shard-00-02.xbh6rrg.mongodb.net:27017
2022-10-06 09:01:46.535  INFO 31524 --- [cluster-ClusterId{value='633e4c218002a10f70ddd840', description='null'}-ac-lqnakpj-shard-00-00.xbh6rrg.mongodb.net:27017] org.mongodb.driver.connection            : Opened connection [connectionId{localValue:6, serverValue:16622}] to ac-lqnakpj-shard-00-00.xbh6rrg.mongodb.net:27017
2022-10-06 09:01:46.535  INFO 31524 --- [cluster-rtt-ClusterId{value='633e4c218002a10f70ddd840', description='null'}-ac-lqnakpj-shard-00-00.xbh6rrg.mongodb.net:27017] org.mongodb.driver.connection            : Opened connection [connectionId{localValue:2, serverValue:16623}] to ac-lqnakpj-shard-00-00.xbh6rrg.mongodb.net:27017
2022-10-06 09:01:46.536  INFO 31524 --- [cluster-ClusterId{value='633e4c218002a10f70ddd840', description='null'}-ac-lqnakpj-shard-00-02.xbh6rrg.mongodb.net:27017] org.mongodb.driver.cluster               : Monitor thread successfully connected to server with description ServerDescription{address=ac-lqnakpj-shard-00-02.xbh6rrg.mongodb.net:27017, type=REPLICA_SET_SECONDARY, state=CONNECTED, ok=true, minWireVersion=0, maxWireVersion=13, maxDocumentSize=16777216, logicalSessionTimeoutMinutes=30, roundTripTimeNanos=254960699, setName='atlas-1pxrvk-shard-0', canonicalAddress=ac-lqnakpj-shard-00-02.xbh6rrg.mongodb.net:27017, hosts=[ac-lqnakpj-shard-00-01.xbh6rrg.mongodb.net:27017, ac-lqnakpj-shard-00-00.xbh6rrg.mongodb.net:27017, ac-lqnakpj-shard-00-02.xbh6rrg.mongodb.net:27017], passives=[], arbiters=[], primary='ac-lqnakpj-shard-00-01.xbh6rrg.mongodb.net:27017', tagSet=TagSet{[Tag{name='nodeType', value='ELECTABLE'}, Tag{name='provider', value='AWS'}, Tag{name='region', value='AP_SOUTH_1'}, Tag{name='workloadType', value='OPERATIONAL'}]}, electionId=null, setVersion=3, topologyVersion=TopologyVersion{processId=633dac5eb656f5bbfab20fff, counter=3}, lastWriteDate=Thu Oct 06 09:01:47 IST 2022, lastUpdateTimeNanos=266930086498400}
2022-10-06 09:01:46.536  INFO 31524 --- [cluster-ClusterId{value='633e4c218002a10f70ddd840', description='null'}-ac-lqnakpj-shard-00-00.xbh6rrg.mongodb.net:27017] org.mongodb.driver.cluster               : Monitor thread successfully connected to server with description ServerDescription{address=ac-lqnakpj-shard-00-00.xbh6rrg.mongodb.net:27017, type=REPLICA_SET_SECONDARY, state=CONNECTED, ok=true, minWireVersion=0, maxWireVersion=13, maxDocumentSize=16777216, logicalSessionTimeoutMinutes=30, roundTripTimeNanos=254981399, setName='atlas-1pxrvk-shard-0', canonicalAddress=ac-lqnakpj-shard-00-00.xbh6rrg.mongodb.net:27017, hosts=[ac-lqnakpj-shard-00-01.xbh6rrg.mongodb.net:27017, ac-lqnakpj-shard-00-00.xbh6rrg.mongodb.net:27017, ac-lqnakpj-shard-00-02.xbh6rrg.mongodb.net:27017], passives=[], arbiters=[], primary='ac-lqnakpj-shard-00-01.xbh6rrg.mongodb.net:27017', tagSet=TagSet{[Tag{name='nodeType', value='ELECTABLE'}, Tag{name='provider', value='AWS'}, Tag{name='region', value='AP_SOUTH_1'}, Tag{name='workloadType', value='OPERATIONAL'}]}, electionId=null, setVersion=3, topologyVersion=TopologyVersion{processId=633daa9a9765fa9ed17f0cbf, counter=4}, lastWriteDate=Thu Oct 06 09:01:47 IST 2022, lastUpdateTimeNanos=266930086498400}
2022-10-06 09:01:46.536  INFO 31524 --- [cluster-ClusterId{value='633e4c218002a10f70ddd840', description='null'}-ac-lqnakpj-shard-00-01.xbh6rrg.mongodb.net:27017] org.mongodb.driver.cluster               : Monitor thread successfully connected to server with description ServerDescription{address=ac-lqnakpj-shard-00-01.xbh6rrg.mongodb.net:27017, type=REPLICA_SET_PRIMARY, state=CONNECTED, ok=true, minWireVersion=0, maxWireVersion=13, maxDocumentSize=16777216, logicalSessionTimeoutMinutes=30, roundTripTimeNanos=257814800, setName='atlas-1pxrvk-shard-0', canonicalAddress=ac-lqnakpj-shard-00-01.xbh6rrg.mongodb.net:27017, hosts=[ac-lqnakpj-shard-00-01.xbh6rrg.mongodb.net:27017, ac-lqnakpj-shard-00-00.xbh6rrg.mongodb.net:27017, ac-lqnakpj-shard-00-02.xbh6rrg.mongodb.net:27017], passives=[], arbiters=[], primary='ac-lqnakpj-shard-00-01.xbh6rrg.mongodb.net:27017', tagSet=TagSet{[Tag{name='nodeType', value='ELECTABLE'}, Tag{name='provider', value='AWS'}, Tag{name='region', value='AP_SOUTH_1'}, Tag{name='workloadType', value='OPERATIONAL'}]}, electionId=7fffffff000000000000006a, setVersion=3, topologyVersion=TopologyVersion{processId=633dab69b943707ac091733d, counter=6}, lastWriteDate=Thu Oct 06 09:01:48 IST 2022, lastUpdateTimeNanos=266930086660199}
2022-10-06 09:01:46.540  INFO 31524 --- [cluster-ClusterId{value='633e4c218002a10f70ddd840', description='null'}-ac-lqnakpj-shard-00-01.xbh6rrg.mongodb.net:27017] org.mongodb.driver.cluster               : Setting max election id to 7fffffff000000000000006a from replica set primary ac-lqnakpj-shard-00-01.xbh6rrg.mongodb.net:27017
2022-10-06 09:01:46.540  INFO 31524 --- [cluster-ClusterId{value='633e4c218002a10f70ddd840', description='null'}-ac-lqnakpj-shard-00-01.xbh6rrg.mongodb.net:27017] org.mongodb.driver.cluster               : Setting max set version to 3 from replica set primary ac-lqnakpj-shard-00-01.xbh6rrg.mongodb.net:27017
2022-10-06 09:01:46.541  INFO 31524 --- [cluster-ClusterId{value='633e4c218002a10f70ddd840', description='null'}-ac-lqnakpj-shard-00-01.xbh6rrg.mongodb.net:27017] org.mongodb.driver.cluster               : Discovered replica set primary ac-lqnakpj-shard-00-01.xbh6rrg.mongodb.net:27017
2022-10-06 09:01:46.708  WARN 31524 --- [main] iguration$LoadBalancerCaffeineWarnLogger : Spring Cloud LoadBalancer is currently working with the default cache. While this cache implementation is useful for development and tests, it's recommended to use Caffeine cache in production.You can switch to using Caffeine cache, by adding it and org.springframework.cache.caffeine.CaffeineCacheManager to the classpath.
2022-10-06 09:01:46.737  INFO 31524 --- [main] o.s.c.n.eureka.InstanceInfoFactory       : Setting initial instance status as: STARTING
2022-10-06 09:01:46.930  INFO 31524 --- [main] com.netflix.discovery.DiscoveryClient    : Initializing Eureka in region us-east-1
2022-10-06 09:01:46.938  INFO 31524 --- [main] c.n.d.s.r.aws.ConfigClusterResolver      : Resolving eureka endpoints via configuration
2022-10-06 09:01:46.979  INFO 31524 --- [main] com.netflix.discovery.DiscoveryClient    : Disable delta property : false
2022-10-06 09:01:46.980  INFO 31524 --- [main] com.netflix.discovery.DiscoveryClient    : Single vip registry refresh property : null
2022-10-06 09:01:46.980  INFO 31524 --- [main] com.netflix.discovery.DiscoveryClient    : Force full registry fetch : false
2022-10-06 09:01:46.980  INFO 31524 --- [main] com.netflix.discovery.DiscoveryClient    : Application is null : false
2022-10-06 09:01:46.980  INFO 31524 --- [main] com.netflix.discovery.DiscoveryClient    : Registered Applications size is zero : true
2022-10-06 09:01:46.980  INFO 31524 --- [main] com.netflix.discovery.DiscoveryClient    : Application version is -1: true
2022-10-06 09:01:46.980  INFO 31524 --- [main] com.netflix.discovery.DiscoveryClient    : Getting all instance registry info from the eureka server
2022-10-06 09:01:47.252  INFO 31524 --- [main] com.netflix.discovery.DiscoveryClient    : The response status is 200
2022-10-06 09:01:47.259  INFO 31524 --- [main] com.netflix.discovery.DiscoveryClient    : Starting heartbeat executor: renew interval is: 30
2022-10-06 09:01:47.267  INFO 31524 --- [main] c.n.discovery.InstanceInfoReplicator     : InstanceInfoReplicator onDemand update allowed rate per min is 4
2022-10-06 09:01:47.281  INFO 31524 --- [main] com.netflix.discovery.DiscoveryClient    : Discovery Client initialized at timestamp 1665027107280 with initial instances count: 5
2022-10-06 09:01:47.285  INFO 31524 --- [main] o.s.c.n.e.s.EurekaServiceRegistry        : Registering application TRAIN-DETAILS-SERVICE with eureka with status UP
2022-10-06 09:01:47.286  INFO 31524 --- [main] com.netflix.discovery.DiscoveryClient    : Saw local status change event StatusChangeEvent [timestamp=1665027107286, current=UP, previous=STARTING]
2022-10-06 09:01:47.287  INFO 23308 --- [AsyncResolver-bootstrap-executor-0] c.n.d.s.r.aws.ConfigClusterResolver      : Resolving eureka endpoints via configuration
2022-10-06 09:01:47.288  INFO 31524 --- [DiscoveryClient-InstanceInfoReplicator-0] com.netflix.discovery.DiscoveryClient    : DiscoveryClient_TRAIN-DETAILS-SERVICE/LAPTOP-AIJR5HAU:Train-Details-Service:8081: registering service...
2022-10-06 09:01:47.288  INFO 31524 --- [main] d.s.w.p.DocumentationPluginsBootstrapper : Context refreshed
2022-10-06 09:01:47.319  INFO 31524 --- [main] d.s.w.p.DocumentationPluginsBootstrapper : Found 1 custom documentation plugin(s)
2022-10-06 09:01:47.348  INFO 31524 --- [DiscoveryClient-InstanceInfoReplicator-0] com.netflix.discovery.DiscoveryClient    : DiscoveryClient_TRAIN-DETAILS-SERVICE/LAPTOP-AIJR5HAU:Train-Details-Service:8081 - registration status: 204
2022-10-06 09:01:47.363  INFO 31524 --- [main] s.d.s.w.s.ApiListingReferenceScanner     : Scanning for api listing references
2022-10-06 09:01:47.511  INFO 31524 --- [main] .d.s.w.r.o.CachingOperationNameGenerator : Generating unique operation named: updateTrainUsingPUT_1
2022-10-06 09:01:47.517  INFO 31524 --- [main] .d.s.w.r.o.CachingOperationNameGenerator : Generating unique operation named: getTrainsUsingGET_1
2022-10-06 09:01:47.539  INFO 31524 --- [main] c.e.d.TrainDetailServiceApplicationTests : Started TrainDetailServiceApplicationTests in 11.539 seconds (JVM running for 19.26)
2022-10-06 09:01:48.573  INFO 31524 --- [SpringApplicationShutdownHook] o.s.c.n.e.s.EurekaServiceRegistry        : Unregistering application TRAIN-DETAILS-SERVICE with eureka with status DOWN
2022-10-06 09:01:48.574  INFO 31524 --- [SpringApplicationShutdownHook] com.netflix.discovery.DiscoveryClient    : Saw local status change event StatusChangeEvent [timestamp=1665027108574, current=DOWN, previous=UP]
2022-10-06 09:01:48.574  INFO 31524 --- [DiscoveryClient-InstanceInfoReplicator-0] com.netflix.discovery.DiscoveryClient    : DiscoveryClient_TRAIN-DETAILS-SERVICE/LAPTOP-AIJR5HAU:Train-Details-Service:8081: registering service...
2022-10-06 09:01:48.579  INFO 31524 --- [DiscoveryClient-InstanceInfoReplicator-0] com.netflix.discovery.DiscoveryClient    : DiscoveryClient_TRAIN-DETAILS-SERVICE/LAPTOP-AIJR5HAU:Train-Details-Service:8081 - registration status: 204
2022-10-06 09:01:48.712  INFO 31524 --- [SpringApplicationShutdownHook] com.netflix.discovery.DiscoveryClient    : Shutting down DiscoveryClient ...
2022-10-06 09:01:51.718  INFO 31524 --- [SpringApplicationShutdownHook] com.netflix.discovery.DiscoveryClient    : Unregistering ...
2022-10-06 09:01:51.973  INFO 31524 --- [SpringApplicationShutdownHook] com.netflix.discovery.DiscoveryClient    : DiscoveryClient_TRAIN-DETAILS-SERVICE/LAPTOP-AIJR5HAU:Train-Details-Service:8081 - deregister  status: 200
2022-10-06 09:01:51.976  INFO 31524 --- [SpringApplicationShutdownHook] com.netflix.discovery.DiscoveryClient    : Completed shut down of DiscoveryClient
2022-10-06 09:02:19.041  INFO 23308 --- [DiscoveryClient-HeartbeatExecutor-0] com.netflix.discovery.DiscoveryClient    : DiscoveryClient_TRAIN-DETAILS-SERVICE/LAPTOP-AIJR5HAU:Train-Details-Service:8081 - Re-registering apps/TRAIN-DETAILS-SERVICE
2022-10-06 09:02:19.043  INFO 23308 --- [DiscoveryClient-HeartbeatExecutor-0] com.netflix.discovery.DiscoveryClient    : DiscoveryClient_TRAIN-DETAILS-SERVICE/LAPTOP-AIJR5HAU:Train-Details-Service:8081: registering service...
2022-10-06 09:02:19.049  INFO 23308 --- [DiscoveryClient-HeartbeatExecutor-0] com.netflix.discovery.DiscoveryClient    : DiscoveryClient_TRAIN-DETAILS-SERVICE/LAPTOP-AIJR5HAU:Train-Details-Service:8081 - registration status: 204
2022-10-06 09:06:47.301  INFO 23308 --- [AsyncResolver-bootstrap-executor-0] c.n.d.s.r.aws.ConfigClusterResolver      : Resolving eureka endpoints via configuration
2022-10-06 09:11:47.315  INFO 23308 --- [AsyncResolver-bootstrap-executor-0] c.n.d.s.r.aws.ConfigClusterResolver      : Resolving eureka endpoints via configuration
2022-10-06 09:16:47.317  INFO 23308 --- [AsyncResolver-bootstrap-executor-0] c.n.d.s.r.aws.ConfigClusterResolver      : Resolving eureka endpoints via configuration
2022-10-06 09:21:47.325  INFO 23308 --- [AsyncResolver-bootstrap-executor-0] c.n.d.s.r.aws.ConfigClusterResolver      : Resolving eureka endpoints via configuration
2022-10-06 09:26:47.341  INFO 23308 --- [AsyncResolver-bootstrap-executor-0] c.n.d.s.r.aws.ConfigClusterResolver      : Resolving eureka endpoints via configuration
2022-10-06 09:31:47.345  INFO 23308 --- [AsyncResolver-bootstrap-executor-0] c.n.d.s.r.aws.ConfigClusterResolver      : Resolving eureka endpoints via configuration
2022-10-06 09:36:47.350  INFO 23308 --- [AsyncResolver-bootstrap-executor-0] c.n.d.s.r.aws.ConfigClusterResolver      : Resolving eureka endpoints via configuration
2022-10-06 09:41:47.361  INFO 23308 --- [AsyncResolver-bootstrap-executor-0] c.n.d.s.r.aws.ConfigClusterResolver      : Resolving eureka endpoints via configuration
2022-10-06 09:46:47.372  INFO 23308 --- [AsyncResolver-bootstrap-executor-0] c.n.d.s.r.aws.ConfigClusterResolver      : Resolving eureka endpoints via configuration
2022-10-06 09:51:47.386  INFO 23308 --- [AsyncResolver-bootstrap-executor-0] c.n.d.s.r.aws.ConfigClusterResolver      : Resolving eureka endpoints via configuration
2022-10-06 09:56:47.401  INFO 23308 --- [AsyncResolver-bootstrap-executor-0] c.n.d.s.r.aws.ConfigClusterResolver      : Resolving eureka endpoints via configuration
2022-10-06 10:01:47.407  INFO 23308 --- [AsyncResolver-bootstrap-executor-0] c.n.d.s.r.aws.ConfigClusterResolver      : Resolving eureka endpoints via configuration
2022-10-06 10:06:47.410  INFO 23308 --- [AsyncResolver-bootstrap-executor-0] c.n.d.s.r.aws.ConfigClusterResolver      : Resolving eureka endpoints via configuration
2022-10-06 10:11:47.417  INFO 23308 --- [AsyncResolver-bootstrap-executor-0] c.n.d.s.r.aws.ConfigClusterResolver      : Resolving eureka endpoints via configuration
2022-10-06 10:16:47.430  INFO 23308 --- [AsyncResolver-bootstrap-executor-0] c.n.d.s.r.aws.ConfigClusterResolver      : Resolving eureka endpoints via configuration
2022-10-06 10:21:47.434  INFO 23308 --- [AsyncResolver-bootstrap-executor-0] c.n.d.s.r.aws.ConfigClusterResolver      : Resolving eureka endpoints via configuration
2022-10-06 10:26:47.445  INFO 23308 --- [AsyncResolver-bootstrap-executor-0] c.n.d.s.r.aws.ConfigClusterResolver      : Resolving eureka endpoints via configuration
2022-10-06 10:31:47.447  INFO 23308 --- [AsyncResolver-bootstrap-executor-0] c.n.d.s.r.aws.ConfigClusterResolver      : Resolving eureka endpoints via configuration
2022-10-06 10:36:47.453  INFO 23308 --- [AsyncResolver-bootstrap-executor-0] c.n.d.s.r.aws.ConfigClusterResolver      : Resolving eureka endpoints via configuration
2022-10-06 10:41:47.469  INFO 23308 --- [AsyncResolver-bootstrap-executor-0] c.n.d.s.r.aws.ConfigClusterResolver      : Resolving eureka endpoints via configuration
2022-10-06 10:46:47.474  INFO 23308 --- [AsyncResolver-bootstrap-executor-0] c.n.d.s.r.aws.ConfigClusterResolver      : Resolving eureka endpoints via configuration
2022-10-06 10:51:47.483  INFO 23308 --- [AsyncResolver-bootstrap-executor-0] c.n.d.s.r.aws.ConfigClusterResolver      : Resolving eureka endpoints via configuration
2022-10-06 10:56:47.496  INFO 23308 --- [AsyncResolver-bootstrap-executor-0] c.n.d.s.r.aws.ConfigClusterResolver      : Resolving eureka endpoints via configuration
2022-10-06 11:01:47.512  INFO 23308 --- [AsyncResolver-bootstrap-executor-0] c.n.d.s.r.aws.ConfigClusterResolver      : Resolving eureka endpoints via configuration
2022-10-06 11:06:47.514  INFO 23308 --- [AsyncResolver-bootstrap-executor-0] c.n.d.s.r.aws.ConfigClusterResolver      : Resolving eureka endpoints via configuration
2022-10-06 11:11:47.518  INFO 23308 --- [AsyncResolver-bootstrap-executor-0] c.n.d.s.r.aws.ConfigClusterResolver      : Resolving eureka endpoints via configuration
2022-10-06 11:16:47.530  INFO 23308 --- [AsyncResolver-bootstrap-executor-0] c.n.d.s.r.aws.ConfigClusterResolver      : Resolving eureka endpoints via configuration
2022-10-06 11:21:47.532  INFO 23308 --- [AsyncResolver-bootstrap-executor-0] c.n.d.s.r.aws.ConfigClusterResolver      : Resolving eureka endpoints via configuration
2022-10-06 11:26:47.543  INFO 23308 --- [AsyncResolver-bootstrap-executor-0] c.n.d.s.r.aws.ConfigClusterResolver      : Resolving eureka endpoints via configuration
2022-10-06 11:31:47.551  INFO 23308 --- [AsyncResolver-bootstrap-executor-0] c.n.d.s.r.aws.ConfigClusterResolver      : Resolving eureka endpoints via configuration
2022-10-06 11:36:47.553  INFO 23308 --- [AsyncResolver-bootstrap-executor-0] c.n.d.s.r.aws.ConfigClusterResolver      : Resolving eureka endpoints via configuration
2022-10-06 11:41:47.558  INFO 23308 --- [AsyncResolver-bootstrap-executor-0] c.n.d.s.r.aws.ConfigClusterResolver      : Resolving eureka endpoints via configuration
2022-10-06 11:46:47.585  INFO 23308 --- [AsyncResolver-bootstrap-executor-0] c.n.d.s.r.aws.ConfigClusterResolver      : Resolving eureka endpoints via configuration
2022-10-06 11:51:47.589  INFO 23308 --- [AsyncResolver-bootstrap-executor-0] c.n.d.s.r.aws.ConfigClusterResolver      : Resolving eureka endpoints via configuration
2022-10-06 11:56:47.596  INFO 23308 --- [AsyncResolver-bootstrap-executor-0] c.n.d.s.r.aws.ConfigClusterResolver      : Resolving eureka endpoints via configuration
2022-10-06 12:01:47.600  INFO 23308 --- [AsyncResolver-bootstrap-executor-0] c.n.d.s.r.aws.ConfigClusterResolver      : Resolving eureka endpoints via configuration
2022-10-06 12:06:47.607  INFO 23308 --- [AsyncResolver-bootstrap-executor-0] c.n.d.s.r.aws.ConfigClusterResolver      : Resolving eureka endpoints via configuration
2022-10-06 12:11:47.611  INFO 23308 --- [AsyncResolver-bootstrap-executor-0] c.n.d.s.r.aws.ConfigClusterResolver      : Resolving eureka endpoints via configuration
2022-10-06 12:16:47.615  INFO 23308 --- [AsyncResolver-bootstrap-executor-0] c.n.d.s.r.aws.ConfigClusterResolver      : Resolving eureka endpoints via configuration
2022-10-06 12:21:47.631  INFO 23308 --- [AsyncResolver-bootstrap-executor-0] c.n.d.s.r.aws.ConfigClusterResolver      : Resolving eureka endpoints via configuration
2022-10-06 12:26:47.636  INFO 23308 --- [AsyncResolver-bootstrap-executor-0] c.n.d.s.r.aws.ConfigClusterResolver      : Resolving eureka endpoints via configuration
2022-10-06 12:31:47.646  INFO 23308 --- [AsyncResolver-bootstrap-executor-0] c.n.d.s.r.aws.ConfigClusterResolver      : Resolving eureka endpoints via configuration
2022-10-06 12:36:47.659  INFO 23308 --- [AsyncResolver-bootstrap-executor-0] c.n.d.s.r.aws.ConfigClusterResolver      : Resolving eureka endpoints via configuration
2022-10-06 12:41:47.667  INFO 23308 --- [AsyncResolver-bootstrap-executor-0] c.n.d.s.r.aws.ConfigClusterResolver      : Resolving eureka endpoints via configuration
2022-10-06 12:46:47.680  INFO 23308 --- [AsyncResolver-bootstrap-executor-0] c.n.d.s.r.aws.ConfigClusterResolver      : Resolving eureka endpoints via configuration
2022-10-06 12:51:47.683  INFO 23308 --- [AsyncResolver-bootstrap-executor-0] c.n.d.s.r.aws.ConfigClusterResolver      : Resolving eureka endpoints via configuration
2022-10-06 12:56:47.685  INFO 23308 --- [AsyncResolver-bootstrap-executor-0] c.n.d.s.r.aws.ConfigClusterResolver      : Resolving eureka endpoints via configuration
2022-10-06 13:01:47.734  INFO 23308 --- [AsyncResolver-bootstrap-executor-0] c.n.d.s.r.aws.ConfigClusterResolver      : Resolving eureka endpoints via configuration
2022-10-06 13:06:47.954  INFO 23308 --- [AsyncResolver-bootstrap-executor-0] c.n.d.s.r.aws.ConfigClusterResolver      : Resolving eureka endpoints via configuration
2022-10-06 13:11:47.965  INFO 23308 --- [AsyncResolver-bootstrap-executor-0] c.n.d.s.r.aws.ConfigClusterResolver      : Resolving eureka endpoints via configuration
2022-10-06 13:16:47.974  INFO 23308 --- [AsyncResolver-bootstrap-executor-0] c.n.d.s.r.aws.ConfigClusterResolver      : Resolving eureka endpoints via configuration
2022-10-06 13:21:47.991  INFO 23308 --- [AsyncResolver-bootstrap-executor-0] c.n.d.s.r.aws.ConfigClusterResolver      : Resolving eureka endpoints via configuration
2022-10-06 13:26:48.000  INFO 23308 --- [AsyncResolver-bootstrap-executor-0] c.n.d.s.r.aws.ConfigClusterResolver      : Resolving eureka endpoints via configuration
2022-10-06 13:31:48.008  INFO 23308 --- [AsyncResolver-bootstrap-executor-0] c.n.d.s.r.aws.ConfigClusterResolver      : Resolving eureka endpoints via configuration
2022-10-06 13:36:48.011  INFO 23308 --- [AsyncResolver-bootstrap-executor-0] c.n.d.s.r.aws.ConfigClusterResolver      : Resolving eureka endpoints via configuration
2022-10-06 13:41:48.019  INFO 23308 --- [AsyncResolver-bootstrap-executor-0] c.n.d.s.r.aws.ConfigClusterResolver      : Resolving eureka endpoints via configuration
2022-10-06 13:46:48.066  INFO 23308 --- [AsyncResolver-bootstrap-executor-0] c.n.d.s.r.aws.ConfigClusterResolver      : Resolving eureka endpoints via configuration
2022-10-06 13:51:48.076  INFO 23308 --- [AsyncResolver-bootstrap-executor-0] c.n.d.s.r.aws.ConfigClusterResolver      : Resolving eureka endpoints via configuration
2022-10-06 13:56:48.088  INFO 23308 --- [AsyncResolver-bootstrap-executor-0] c.n.d.s.r.aws.ConfigClusterResolver      : Resolving eureka endpoints via configuration
2022-10-06 14:01:50.607  INFO 23308 --- [AsyncResolver-bootstrap-executor-0] c.n.d.s.r.aws.ConfigClusterResolver      : Resolving eureka endpoints via configuration
2022-10-06 14:06:50.621  INFO 23308 --- [AsyncResolver-bootstrap-executor-0] c.n.d.s.r.aws.ConfigClusterResolver      : Resolving eureka endpoints via configuration
2022-10-06 14:11:50.623  INFO 23308 --- [AsyncResolver-bootstrap-executor-0] c.n.d.s.r.aws.ConfigClusterResolver      : Resolving eureka endpoints via configuration
